DateTime :2021-06-15 19:07:48:057
serviceName :MqttService
functionName :handleMqttMessage
messageInfo :THIS IS QUERY ERROR IN DATA BASE FOR ACTIVE DEVICE 
context :[object Object]
errorType :runTimeError
ErrorCode :undefined
Error :MongoError: Pool was force destroyed
typeofErrorstack : MongoError: Pool was force destroyed
    at Pool.destroy (E:\OfficeWork\SasyaWork\gomosserver\MqttService\node_modules\mongodb\lib\core\connection\pool.js:679:21)
    at Server.destroy (E:\OfficeWork\SasyaWork\gomosserver\MqttService\node_modules\mongodb\lib\core\topologies\server.js:902:15)
    at Timeout._onTimeout (E:\OfficeWork\SasyaWork\gomosserver\MqttService\node_modules\mongodb\lib\core\topologies\replset.js:357:26)
    at listOnTimeout (internal/timers.js:554:17)
    at processTimers (internal/timers.js:497:7)n
DateTime :2021-06-15 19:07:48:060
serviceName :MqttService
functionName :handleMqttMessage
messageInfo :THIS IS QUERY ERROR IN DATA BASE FOR ACTIVE DEVICE 
context :[object Object]
errorType :runTimeError
ErrorCode :undefined
Error :MongoError: Pool was force destroyed
typeofErrorstack : MongoError: Pool was force destroyed
    at Pool.destroy (E:\OfficeWork\SasyaWork\gomosserver\MqttService\node_modules\mongodb\lib\core\connection\pool.js:679:21)
    at Server.destroy (E:\OfficeWork\SasyaWork\gomosserver\MqttService\node_modules\mongodb\lib\core\topologies\server.js:902:15)
    at Timeout._onTimeout (E:\OfficeWork\SasyaWork\gomosserver\MqttService\node_modules\mongodb\lib\core\topologies\replset.js:357:26)
    at listOnTimeout (internal/timers.js:554:17)
    at processTimers (internal/timers.js:497:7)n
DateTime :2021-06-15 19:07:48:067
serviceName :MqttService
functionName :uncaughtException
messageInfo :uncaughtException error
errorType :runTimeError
ErrorCode :undefined
Error :TypeError: Cannot read property 'length' of undefined
typeofErrorstack : TypeError: Cannot read property 'length' of undefined
    at E:\OfficeWork\SasyaWork\gomosserver\MqttService\routes\mbox.js:215:23
    at E:\OfficeWork\SasyaWork\gomosserver\MqttService\node_modules\mongodb\lib\utils.js:668:9
    at handleCallback (E:\OfficeWork\SasyaWork\gomosserver\MqttService\node_modules\mongodb\lib\utils.js:102:55)
    at E:\OfficeWork\SasyaWork\gomosserver\MqttService\node_modules\mongodb\lib\cursor.js:834:20
    at E:\OfficeWork\SasyaWork\gomosserver\MqttService\node_modules\mongodb\lib\core\cursor.js:736:9
    at done (E:\OfficeWork\SasyaWork\gomosserver\MqttService\node_modules\mongodb\lib\core\cursor.js:458:7)
    at E:\OfficeWork\SasyaWork\gomosserver\MqttService\node_modules\mongodb\lib\core\cursor.js:533:11
    at executeCallback (E:\OfficeWork\SasyaWork\gomosserver\MqttService\node_modules\mongodb\lib\operations\execute_operation.js:70:5)
    at Object.callbackWithRetry [as cb] (E:\OfficeWork\SasyaWork\gomosserver\MqttService\node_modules\mongodb\lib\operations\execute_operation.js:122:14)
    at Pool.destroy (E:\OfficeWork\SasyaWork\gomosserver\MqttService\node_modules\mongodb\lib\core\connection\pool.js:679:18)n
DateTime :2021-06-15 19:07:48:069
serviceName :MqttService
functionName :uncaughtException
messageInfo :uncaughtException error
errorType :runTimeError
ErrorCode :undefined
Error :TypeError: Cannot read property 'length' of undefined
typeofErrorstack : TypeError: Cannot read property 'length' of undefined
    at E:\OfficeWork\SasyaWork\gomosserver\MqttService\routes\mbox.js:215:23
    at E:\OfficeWork\SasyaWork\gomosserver\MqttService\node_modules\mongodb\lib\utils.js:668:9
    at handleCallback (E:\OfficeWork\SasyaWork\gomosserver\MqttService\node_modules\mongodb\lib\utils.js:102:55)
    at E:\OfficeWork\SasyaWork\gomosserver\MqttService\node_modules\mongodb\lib\cursor.js:834:20
    at E:\OfficeWork\SasyaWork\gomosserver\MqttService\node_modules\mongodb\lib\core\cursor.js:736:9
    at done (E:\OfficeWork\SasyaWork\gomosserver\MqttService\node_modules\mongodb\lib\core\cursor.js:458:7)
    at E:\OfficeWork\SasyaWork\gomosserver\MqttService\node_modules\mongodb\lib\core\cursor.js:533:11
    at Object.executeCallback [as cb] (E:\OfficeWork\SasyaWork\gomosserver\MqttService\node_modules\mongodb\lib\operations\execute_operation.js:70:5)
    at Pool.destroy (E:\OfficeWork\SasyaWork\gomosserver\MqttService\node_modules\mongodb\lib\core\connection\pool.js:679:18)
    at Server.destroy (E:\OfficeWork\SasyaWork\gomosserver\MqttService\node_modules\mongodb\lib\core\topologies\server.js:902:15)n
DateTime :2021-06-15 19:11:57:772
serviceName :MqttService
functionName :connectToBroker
messageInfo :THIS IS TRY CATCH ERROR 
errorType :runTimeError
ErrorCode :undefined
Error :TypeError: mainDB.collection is not a function
typeofErrorstack : TypeError: mainDB.collection is not a function
    at connectToBroker (E:\OfficeWork\SasyaWork\gomosserver\MqttService\routes\mbox.js:133:12)
    at Timeout._onTimeout (E:\OfficeWork\SasyaWork\gomosserver\MqttService\routes\mbox.js:436:22)
    at listOnTimeout (internal/timers.js:554:17)
    at processTimers (internal/timers.js:497:7)n
