16:08:25:738-Processing End - Aggregation Service
16:09:10:008-Processing Started - Aggregation Service
16:09:10:025- here aggregator service some error Occured end Of service in Catch
ReferenceError: endRange is not defined
    at Job.job (C:\Users\User\Desktop\gomosserver\MainProject\baseFunction\batchServices\aggregator.js:33:128)
    at Job.invoke (C:\Users\User\Desktop\gomosserver\MainProject\node_modules\node-schedule\lib\schedule.js:173:10)
    at C:\Users\User\Desktop\gomosserver\MainProject\node_modules\node-schedule\lib\schedule.js:552:11
    at Timeout._onTimeout (C:\Users\User\Desktop\gomosserver\MainProject\node_modules\node-schedule\lib\schedule.js:510:7)
    at listOnTimeout (internal/timers.js:531:17)
    at processTimers (internal/timers.js:475:7)
16:10:37:499-Processing End - Aggregation Service
16:11:10:007-Processing Started - Aggregation Service
16:11:10:015- here aggregator service some error Occured end Of service in Catch
ReferenceError: utcTime is not defined
    at Job.job (C:\Users\User\Desktop\gomosserver\MainProject\baseFunction\batchServices\aggregator.js:32:31)
    at Job.invoke (C:\Users\User\Desktop\gomosserver\MainProject\node_modules\node-schedule\lib\schedule.js:173:10)
    at C:\Users\User\Desktop\gomosserver\MainProject\node_modules\node-schedule\lib\schedule.js:552:11
    at Timeout._onTimeout (C:\Users\User\Desktop\gomosserver\MainProject\node_modules\node-schedule\lib\schedule.js:510:7)
    at listOnTimeout (internal/timers.js:531:17)
    at processTimers (internal/timers.js:475:7)
16:11:26:455-Processing End - Aggregation Service
16:12:10:007-Processing Started - Aggregation Service
16:12:10:021- aggregation StartRange - [2019-08-23T22:30:00.000Z] and EndTime - [2019-08-23T23:30:00.000Z]
16:12:10:343- deviceMacDataArray length of  [0]
16:15:02:259-Processing End - Aggregation Service
16:15:10:011-Processing Started - Aggregation Service
16:15:10:020- aggregation StartRange - [2019-08-23T22:30:00.000Z] and EndTime - [2019-08-23T23:30:00.000Z]
16:15:10:324- deviceMacDataArray length of  [0]
16:16:07:560-Processing End - Aggregation Service
16:16:10:007-Processing Started - Aggregation Service
16:16:10:026- aggregation StartRange - [2019-08-23T22:30:00.000Z] and EndTime - [2019-08-23T23:30:00.000Z]
16:16:10:310- deviceMacDataArray length of  [0]
11:11:10:624-Processing End - Aggregation Service
11:12:10:007-Processing Started - Aggregation Service
11:12:10:025- aggregation StartRange - [2019-08-24T09:30:00.000Z] and EndTime - [2019-08-24T10:30:00.000Z]
11:12:10:320- deviceMacDataArray length of  [0]
16:45:06:864-Processing End - Aggregation Service
16:45:10:008-Processing Started - Aggregation Service
16:45:10:021- aggregation StartRange - [2019-08-23T22:30:00.000Z] and EndTime - [2019-08-23T23:30:00.000Z]
16:45:10:288- deviceMacDataArray length of  [0]
13:15:54:474-Processing End - Aggregation Service
13:16:10:008-Processing Started - Aggregation Service
13:16:10:026- aggregation StartRange - [2019-08-24T05:30:00.000Z] and EndTime - [2019-08-24T06:30:00.000Z]
13:16:10:319- deviceMacDataArray length of  [0]
11:19:50:758-Processing End - Aggregation Service
11:20:10:007-Processing Started - Aggregation Service
11:20:10:023- aggregation StartRange - [2019-08-24T09:30:00.000Z] and EndTime - [2019-08-24T10:30:00.000Z]
11:20:10:303- deviceMacDataArray length of  [0]
11:43:33:335-Processing End - Aggregation Service
17:14:30:369-Processing End - Aggregation Service
17:15:33:453-Processing End - Aggregation Service
17:15:50:169-Processing End - Aggregation Service
17:16:44:164-Processing End - Aggregation Service
17:18:43:815-Processing End - Aggregation Service
17:19:10:007-Processing Started - Aggregation Service
17:19:10:092- aggregation StartRange - [2019-08-23T23:30:00.000Z] and EndTime - [2019-08-24T00:30:00.000Z]
17:19:10:342- deviceMacDataArray length of  [0]
17:19:38:815-Processing End - Aggregation Service
17:20:10:008-Processing Started - Aggregation Service
17:20:10:023- aggregation StartRange - [2019-08-23T23:30:00.000Z] and EndTime - [2019-08-24T00:30:00.000Z]
17:20:10:326- deviceMacDataArray length of  [0]
17:22:50:485-Processing End - Aggregation Service
17:23:10:009-Processing Started - Aggregation Service
17:23:10:024- aggregation StartRange - [2019-08-23T23:30:00.000Z] and EndTime - [2019-08-24T00:30:00.000Z]
17:23:10:386- deviceMacDataArray length of  [0]
17:25:05:260-Processing End - Aggregation Service
17:25:10:006-Processing Started - Aggregation Service
17:25:10:087- aggregation StartRange - [2019-08-24T10:30:00.000Z] and EndTime - [2019-08-24T11:30:00.000Z]
17:25:10:349- deviceMacDataArray length of  [0]
11:56:30:894-Processing End - Aggregation Service
11:57:10:009-Processing Started - Aggregation Service
11:57:10:025- aggregation StartRange - [2019-08-24T16:00:00.000Z] and EndTime - [2019-08-24T17:00:00.000Z]
11:57:10:316- deviceMacDataArray length of  [0]
12:02:14:649-Processing End - Aggregation Service
12:03:10:007-Processing Started - Aggregation Service
12:03:10:089- aggregation StartRange - [2019-08-24T10:30:00.000Z] and EndTime - [2019-08-24T11:30:00.000Z]
12:03:10:323- deviceMacDataArray length of  [0]
12:06:21:343-Processing End - Aggregation Service
12:07:10:007-Processing Started - Aggregation Service
12:07:10:099- aggregation StartRange - [2019-08-24T16:00:00.000Z] and EndTime - [2019-08-24T17:00:00.000Z]
12:07:10:332- deviceMacDataArray length of  [0]
12:07:34:225-Processing End - Aggregation Service
12:09:07:021-Processing End - Aggregation Service
12:09:10:007-Processing Started - Aggregation Service
12:09:10:024- aggregation StartRange - [2019-08-24T16:00:00.000Z] and EndTime - [2019-08-24T17:00:00.000Z]
12:09:10:279- deviceMacDataArray length of  [0]
12:10:09:256-Processing End - Aggregation Service
12:10:10:007-Processing Started - Aggregation Service
12:10:10:501- aggregation StartRange - [2019-08-24T16:00:00.000Z] and EndTime - [2019-08-24T17:00:00.000Z]
12:10:10:749- deviceMacDataArray length of  [0]
17:42:25:243-Processing End - Aggregation Service
17:43:10:008-Processing Started - Aggregation Service
17:43:10:086- aggregation StartRange - [2019-08-24T05:00:00.000Z] and EndTime - [2019-08-24T06:00:00.000Z]
17:43:10:366- deviceMacDataArray length of  [0]
12:13:59:919-Processing End - Aggregation Service
12:14:10:006-Processing Started - Aggregation Service
12:14:10:082- aggregation StartRange - [2019-08-24T16:00:00.000Z] and EndTime - [2019-08-24T17:00:00.000Z]
12:14:10:348- deviceMacDataArray length of  [0]
12:15:24:364-Processing End - Aggregation Service
12:16:10:008-Processing Started - Aggregation Service
12:16:10:094- aggregation StartRange - [2019-08-24T16:00:00.000Z] and EndTime - [2019-08-24T17:00:00.000Z]
12:16:10:419- deviceMacDataArray length of  [0]
12:16:42:719-Processing End - Aggregation Service
12:17:10:006-Processing Started - Aggregation Service
12:17:10:063- aggregation StartRange - [2019-08-24T16:00:00.000Z] and EndTime - [2019-08-24T17:00:00.000Z]
12:17:10:303- deviceMacDataArray length of  [0]
12:23:46:469-Processing End - Aggregation Service
12:24:10:008-Processing Started - Aggregation Service
12:24:10:091- aggregation StartRange - [2019-08-24T10:30:00.000Z] and EndTime - [2019-08-24T11:30:00.000Z]
12:24:10:352- deviceMacDataArray length of  [0]
15:24:53:139-Processing End - Aggregation Service
15:25:10:007-Processing Started - Aggregation Service
15:25:10:022- aggregation StartRange - [2019-08-24T04:30:00.000Z] and EndTime - [2019-08-24T05:30:00.000Z]
15:25:10:314- deviceMacDataArray length of  [0]
15:47:07:291-Processing End - Aggregation Service
15:47:10:011-Processing Started - Aggregation Service
15:47:10:125- aggregation StartRange - [2019-08-24T05:30:00.000Z] and EndTime - [2019-08-24T06:30:00.000Z]
15:47:10:359- deviceMacDataArray length of  [0]
12:47:40:752-Processing End - Aggregation Service
12:48:10:010-Processing Started - Aggregation Service
12:48:10:373- aggregation StartRange - [2019-08-24T11:30:00.000Z] and EndTime - [2019-08-24T12:30:00.000Z]
12:48:10:615- deviceMacDataArray length of  [0]
12:49:51:768-Processing End - Aggregation Service
12:50:10:008-Processing Started - Aggregation Service
12:50:10:408- aggregation StartRange - [2019-08-24T11:30:00.000Z] and EndTime - [2019-08-24T12:30:00.000Z]
12:50:10:707- deviceMacDataArray length of  [0]
18:24:54:696-Processing End - Aggregation Service
18:25:10:010-Processing Started - Aggregation Service
18:25:10:719- aggregation StartRange - [2019-08-24T00:30:00.000Z] and EndTime - [2019-08-24T01:30:00.000Z]
18:25:11:024- deviceMacDataArray length of  [0]
18:37:21:066-Processing End - Aggregation Service
18:38:10:010-Processing Started - Aggregation Service
18:38:10:482- aggregation StartRange - [2019-08-24T00:30:00.000Z] and EndTime - [2019-08-24T01:30:00.000Z]
18:38:10:733- deviceMacDataArray length of  [0]
18:42:37:249-Processing End - Aggregation Service
18:43:10:009-Processing Started - Aggregation Service
18:47:11:024-Processing End - Aggregation Service
18:48:10:004-Processing Started - Aggregation Service
18:52:50:214-Processing End - Aggregation Service
18:53:10:013-Processing Started - Aggregation Service
19:01:40:472-Processing End - Aggregation Service
19:02:10:008-Processing Started - Aggregation Service
19:02:10:581- aggregation StartRange - [2019-08-24T01:30:00.000Z] and EndTime - [2019-08-24T02:30:00.000Z]
19:02:10:877- deviceMacDataArray length of  [0]
19:05:32:794-Processing End - Aggregation Service
19:06:10:008-Processing Started - Aggregation Service
19:06:10:025- aggregation StartRange - [2019-08-24T12:30:00.000Z] and EndTime - [2019-08-24T13:30:00.000Z]
19:06:10:265- deviceMacDataArray length of  [0]
13:38:20:539-Processing End - Aggregation Service
13:39:10:007-Processing Started - Aggregation Service
13:39:10:031- aggregation StartRange - [2019-08-24T18:00:00.000Z] and EndTime - [2019-08-24T19:00:00.000Z]
13:39:10:271- deviceMacDataArray length of  [0]
