14:57:03:187-This is result1[0].deviceType [undefined]
14:57:03:191-This is Config Data
{
  DeviceName: 'GHA_01T',
  mac: '5ccf7f5a0481_110',
  assetId: 'DESAIGH1',
  custCd: 'Desai',
  spCd: 'ASAGRISY',
  subCustCd: 'Desai-001'
}
14:57:03:428-This is clientID 
[
  {
    _id: 5d7a1ff27c213e60b8fcdfdd,
    clientID: 'Desai-001',
    viewDashBoard: { deviceType1: [Object] },
    activeDashBoard: { deviceTypes: [Object], OperatingForms: [Array] }
  }
]
14:57:03:430-This is ClientObj
{
  _id: 5d7a1ff27c213e60b8fcdfdd,
  clientID: 'Desai-001',
  viewDashBoard: {
    deviceType1: {
      chartOptions: [Object],
      chartAxis: [Array],
      chartLegend: [Object]
    }
  },
  activeDashBoard: {
    deviceTypes: { deviceType1: [Object] },
    OperatingForms: [ [Object], [Object], [Object] ]
  }
}
