17:10:12:100-This is clientID 
[
  {
    _id: 5ccbdaf4fb6fc00ed5a0033c,
    clientID: 'Desai-001',
    viewDashBoard: { deviceTypes: [Object] },
    activeDashBoard: { deviceTypes: [Object], OperatingForms: [Array] }
  }
]
18:07:08:469-This Is key of identifire 1 Place
[
  '_id',
  'DeviceName',
  'mac',
  'assetId',
  'subCustCd',
  'roles',
  'deviceTemplate',
  'active',
  'sensors',
  'channel',
  'defaultGroupInfo',
  'deviceTypes'
]
18:07:08:492-This is key left in result
[ 'sensors', 'channel', 'deviceTypes' ]
18:07:08:495-This is SensorsKey
[
  'S01',  'S02',
  'S03',  'S04',
  'S05',  'S06',
  'S07',  'S08',
  'S09', 'S010'
]
18:07:08:503-this devicebusinessNM
18:07:08:505-this devicebusinessNM
18:07:08:510-this devicebusinessNM
18:07:08:511-this devicebusinessNM
18:07:08:511-this devicebusinessNM
18:07:08:512-this devicebusinessNM
18:07:08:513-this devicebusinessNM
18:07:08:514-this devicebusinessNM
18:07:08:515-this devicebusinessNM
18:07:08:515-this devicebusinessNM
18:07:08:516-This is SensorsKey
[
  'C01',  'C02',
  'C03',  'C04',
  'C05',  'C06',
  'C07',  'C08',
  'C09', 'C010'
]
18:07:08:520-this devicebusinessNM
18:07:08:521-this devicebusinessNM
18:07:08:522-this devicebusinessNM
18:07:08:523-this devicebusinessNM
18:07:08:524-this devicebusinessNM
18:07:08:525-this devicebusinessNM
18:07:08:526-this devicebusinessNM
18:07:08:527-this devicebusinessNM
18:07:08:528-this devicebusinessNM
18:07:08:528-this devicebusinessNM
18:07:08:529-This is SensorsKey
[
   '0',  '1',
   '2',  '3',
   '4',  '5',
   '6',  '7',
   '8',  '9',
  '10'
]
18:07:08:534-this devicebusinessNM
18:07:08:535-this devicebusinessNM
18:07:08:535-this devicebusinessNM
18:07:08:536-this devicebusinessNM
18:07:08:537-this devicebusinessNM
18:07:08:538-this devicebusinessNM
18:07:08:539-this devicebusinessNM
18:07:08:540-this devicebusinessNM
18:07:08:542-this devicebusinessNM
18:07:08:543-this devicebusinessNM
18:07:08:544-this devicebusinessNM
18:07:08:544-This is json which i want send to front end
{
  sensors: [
    { devicebusinessNM: 'GH_Temperature', group: '1', Type: 'Sensor' },
    {
      devicebusinessNM: 'GH_Relative_Humidity',
      group: '1',
      Type: 'Sensor'
    },
    { devicebusinessNM: 'GH_CO2', group: '2', Type: 'Sensor' },
    { devicebusinessNM: 'GH_Luminescence', group: '2', Type: 'Sensor' },
    { devicebusinessNM: 'TDS', group: '2', Type: 'Sensor' },
    {
      devicebusinessNM: 'GH_Soil_Temperature',
      group: '2',
      Type: 'Sensor'
    },
    { devicebusinessNM: 'GH_Wind_Speed', group: '3', Type: 'Sensor' },
    { devicebusinessNM: 'GH_Rain_Sensor', group: '3', Type: 'Sensor' },
    {
      devicebusinessNM: 'External_Temperature',
      group: '3',
      Type: 'Sensor'
    },
    {
      devicebusinessNM: 'External_Humidity',
      group: '3',
      Type: 'Sensor'
    }
  ],
  channel: [
    { devicebusinessNM: 'GH_CO2V', group: '4', Type: 'Channel' },
    {
      devicebusinessNM: 'GH_Left_Curtain',
      group: '4',
      Type: 'Channel'
    },
    {
      devicebusinessNM: 'GH_Right_Curtain',
      group: '4',
      Type: 'Channel'
    },
    { devicebusinessNM: 'GH_Top_Curtain', group: '4', Type: 'Channel' },
    { devicebusinessNM: 'GH_Fan', group: '5', Type: 'Channel' },
    {
      devicebusinessNM: 'GH_Air_Circulation',
      group: '5',
      Type: 'Channel'
    },
    { devicebusinessNM: 'GH_Fog', group: '5', Type: 'Channel' },
    { devicebusinessNM: 'GH_Irrg_Pump', group: '5', Type: 'Channel' },
    {
      devicebusinessNM: 'GH_Irrig_Valve1',
      group: '6',
      Type: 'Channel'
    },
    {
      devicebusinessNM: 'GH_Irrig_Valve2',
      group: '6',
      Type: 'Channel'
    }
  ],
  deviceTypes: 'deviceType1',
  defaultGroupInfo: '1'
}
18:07:08:641-THIS IS DEBUG OF GET DASHBOARD
{
  TypeOfData: 'Normal',
  sensorNm: 'Sensor',
  sensorsBSN: 'GH_Temperature',
  spCd: 'ASAGRISY',
  custCd: 'Desai',
  subCustCd: 'Desai-001',
  mac: '5ccf7f5a0481_110',
  page: 1,
  page_size: 10,
  startTime: '',
  endTime: ''
}
18:07:08:647-this is debuging in starting [GH_Temperature|5ccf7f5a0481_110|Desai-001|Desai|ASAGRISY|Sensor]
18:07:09:430-This is Log of Criteria for getdashboard 
{
  spCd: 'ASAGRISY',
  custCd: 'Desai',
  subCustCd: 'Desai-001',
  mac: '5ccf7f5a0481_110',
  'sensors.Sensor.GH_Temperature': { '$exists': true }
}
18:07:09:661-this is debuging for resultCopy [0]
18:07:09:663-this is debuging for sensorNmKeys
[ 'Sensor', 'Channel', 'Date' ]
18:07:09:667-This is Debug For sensorNmKeys[j] [Sensor]
18:07:09:668-this is debuging for resultCopy[i][sensors][sensorNmKeys[j]]
{
  GH_Temperature: 26.7,
  GH_Relative_Humidity: 70.1,
  GH_CO2: 478,
  GH_Luminescence: 57,
  TDS: 800,
  GH_Soil_Temperature: 30,
  GH_Wind_Speed: -1,
  GH_Rain_Sensor: -1,
  External_Temperature: -1,
  External_Humidity: -1
}
18:07:09:682-This is Debug For sensorNmKeys[j] [Channel]
18:07:09:683-this is debuging for resultCopy[i][sensors][sensorNmKeys[j]]
{
  GH_CO2V: -1,
  GH_Left_Curtain: 1,
  GH_Right_Curtain: 1,
  GH_Top_Curtain: 0,
  GH_Fog: -1,
  GH_Irrg_Pump: -1,
  GH_Irrig_Valve1: -1,
  GH_Irrig_Valve2: -1,
  GH_Fan: 1,
  GH_Air_Circulation: 0
}
18:07:09:691-This is Debug For sensorNmKeys[j] [Date]
18:07:09:692-this is debuging for resultCopy[i][sensors][sensorNmKeys[j]]
{}
18:07:09:694-this is debuging for resultCopy [1]
18:07:09:695-this is debuging for sensorNmKeys
[ 'Sensor', 'Channel', 'Date' ]
18:07:09:697-This is Debug For sensorNmKeys[j] [Sensor]
18:07:09:697-this is debuging for resultCopy[i][sensors][sensorNmKeys[j]]
{
  GH_Temperature: 26.9,
  GH_Relative_Humidity: 70.4,
  GH_CO2: 477,
  GH_Luminescence: 57,
  TDS: 800,
  GH_Soil_Temperature: 30,
  GH_Wind_Speed: -1,
  GH_Rain_Sensor: -1,
  External_Temperature: -1,
  External_Humidity: -1
}
18:07:09:705-This is Debug For sensorNmKeys[j] [Channel]
18:07:09:707-this is debuging for resultCopy[i][sensors][sensorNmKeys[j]]
{
  GH_CO2V: -1,
  GH_Left_Curtain: 1,
  GH_Right_Curtain: 1,
  GH_Top_Curtain: 0,
  GH_Fog: -1,
  GH_Irrg_Pump: -1,
  GH_Irrig_Valve1: -1,
  GH_Irrig_Valve2: -1,
  GH_Fan: 1,
  GH_Air_Circulation: 0
}
18:07:09:713-This is Debug For sensorNmKeys[j] [Date]
18:07:09:713-this is debuging for resultCopy[i][sensors][sensorNmKeys[j]]
{}
18:07:09:715-this is debuging for resultCopy [2]
18:07:09:716-this is debuging for sensorNmKeys
[ 'Sensor', 'Channel', 'Date' ]
18:07:09:717-This is Debug For sensorNmKeys[j] [Sensor]
18:07:09:717-this is debuging for resultCopy[i][sensors][sensorNmKeys[j]]
{
  GH_Temperature: 26.5,
  GH_Relative_Humidity: 70.1,
  GH_CO2: 471,
  GH_Luminescence: 58,
  TDS: 800,
  GH_Soil_Temperature: 30,
  GH_Wind_Speed: -1,
  GH_Rain_Sensor: -1,
  External_Temperature: -1,
  External_Humidity: -1
}
18:07:09:726-This is Debug For sensorNmKeys[j] [Channel]
18:07:09:727-this is debuging for resultCopy[i][sensors][sensorNmKeys[j]]
{
  GH_CO2V: -1,
  GH_Left_Curtain: 1,
  GH_Right_Curtain: 1,
  GH_Top_Curtain: 0,
  GH_Fog: -1,
  GH_Irrg_Pump: -1,
  GH_Irrig_Valve1: -1,
  GH_Irrig_Valve2: -1,
  GH_Fan: 1,
  GH_Air_Circulation: 0
}
18:07:09:733-This is Debug For sensorNmKeys[j] [Date]
18:07:09:734-this is debuging for resultCopy[i][sensors][sensorNmKeys[j]]
{}
18:07:09:735-this is debuging for resultCopy [3]
18:07:09:736-this is debuging for sensorNmKeys
[ 'Sensor', 'Channel', 'Date' ]
18:07:09:738-This is Debug For sensorNmKeys[j] [Sensor]
18:07:09:738-this is debuging for resultCopy[i][sensors][sensorNmKeys[j]]
{
  GH_Temperature: 26.6,
  GH_Relative_Humidity: 70,
  GH_CO2: 475,
  GH_Luminescence: 58,
  TDS: 800,
  GH_Soil_Temperature: 30,
  GH_Wind_Speed: -1,
  GH_Rain_Sensor: -1,
  External_Temperature: -1,
  External_Humidity: -1
}
18:07:09:746-This is Debug For sensorNmKeys[j] [Channel]
18:07:09:747-this is debuging for resultCopy[i][sensors][sensorNmKeys[j]]
{
  GH_CO2V: -1,
  GH_Left_Curtain: 1,
  GH_Right_Curtain: 1,
  GH_Top_Curtain: 0,
  GH_Fog: -1,
  GH_Irrg_Pump: -1,
  GH_Irrig_Valve1: -1,
  GH_Irrig_Valve2: -1,
  GH_Fan: 1,
  GH_Air_Circulation: 0
}
18:07:09:752-This is Debug For sensorNmKeys[j] [Date]
18:07:09:753-this is debuging for resultCopy[i][sensors][sensorNmKeys[j]]
{}
18:07:09:755-this is debuging for resultCopy [4]
18:07:09:755-this is debuging for sensorNmKeys
[ 'Sensor', 'Channel', 'Date' ]
18:07:09:758-This is Debug For sensorNmKeys[j] [Sensor]
18:07:09:758-this is debuging for resultCopy[i][sensors][sensorNmKeys[j]]
{
  GH_Temperature: 26.9,
  GH_Relative_Humidity: 70.2,
  GH_CO2: 469,
  GH_Luminescence: 59,
  TDS: 800,
  GH_Soil_Temperature: 30,
  GH_Wind_Speed: -1,
  GH_Rain_Sensor: -1,
  External_Temperature: -1,
  External_Humidity: -1
}
18:07:09:762-This is Debug For sensorNmKeys[j] [Channel]
18:07:09:763-this is debuging for resultCopy[i][sensors][sensorNmKeys[j]]
{
  GH_CO2V: -1,
  GH_Left_Curtain: 1,
  GH_Right_Curtain: 1,
  GH_Top_Curtain: 0,
  GH_Fog: -1,
  GH_Irrg_Pump: -1,
  GH_Irrig_Valve1: -1,
  GH_Irrig_Valve2: -1,
  GH_Fan: 1,
  GH_Air_Circulation: 0
}
18:07:09:767-This is Debug For sensorNmKeys[j] [Date]
18:07:09:768-this is debuging for resultCopy[i][sensors][sensorNmKeys[j]]
{}
18:07:09:769-this is debuging for resultCopy [5]
18:07:09:770-this is debuging for sensorNmKeys
[ 'Sensor', 'Channel', 'Date' ]
18:07:09:774-This is Debug For sensorNmKeys[j] [Sensor]
18:07:09:775-this is debuging for resultCopy[i][sensors][sensorNmKeys[j]]
{
  GH_Temperature: 26.7,
  GH_Relative_Humidity: 70.2,
  GH_CO2: 465,
  GH_Luminescence: 59,
  TDS: 800,
  GH_Soil_Temperature: 30,
  GH_Wind_Speed: -1,
  GH_Rain_Sensor: -1,
  External_Temperature: -1,
  External_Humidity: -1
}
18:07:09:780-This is Debug For sensorNmKeys[j] [Channel]
18:07:09:781-this is debuging for resultCopy[i][sensors][sensorNmKeys[j]]
{
  GH_CO2V: -1,
  GH_Left_Curtain: 1,
  GH_Right_Curtain: 1,
  GH_Top_Curtain: 0,
  GH_Fog: -1,
  GH_Irrg_Pump: -1,
  GH_Irrig_Valve1: -1,
  GH_Irrig_Valve2: -1,
  GH_Fan: 1,
  GH_Air_Circulation: 0
}
18:07:09:784-This is Debug For sensorNmKeys[j] [Date]
18:07:09:785-this is debuging for resultCopy[i][sensors][sensorNmKeys[j]]
{}
18:07:09:786-this is debuging for resultCopy [6]
18:07:09:786-this is debuging for sensorNmKeys
[ 'Sensor', 'Channel', 'Date' ]
18:07:09:787-This is Debug For sensorNmKeys[j] [Sensor]
18:07:09:788-this is debuging for resultCopy[i][sensors][sensorNmKeys[j]]
{
  GH_Temperature: 26.7,
  GH_Relative_Humidity: 70.1,
  GH_CO2: 452,
  GH_Luminescence: 59,
  TDS: 800,
  GH_Soil_Temperature: 30,
  GH_Wind_Speed: -1,
  GH_Rain_Sensor: -1,
  External_Temperature: -1,
  External_Humidity: -1
}
18:07:09:794-This is Debug For sensorNmKeys[j] [Channel]
18:07:09:795-this is debuging for resultCopy[i][sensors][sensorNmKeys[j]]
{
  GH_CO2V: -1,
  GH_Left_Curtain: 1,
  GH_Right_Curtain: 1,
  GH_Top_Curtain: 0,
  GH_Fog: -1,
  GH_Irrg_Pump: -1,
  GH_Irrig_Valve1: -1,
  GH_Irrig_Valve2: -1,
  GH_Fan: 1,
  GH_Air_Circulation: 0
}
18:07:09:799-This is Debug For sensorNmKeys[j] [Date]
18:07:09:799-this is debuging for resultCopy[i][sensors][sensorNmKeys[j]]
{}
18:07:09:801-this is debuging for resultCopy [7]
18:07:09:802-this is debuging for sensorNmKeys
[ 'Sensor', 'Channel', 'Date' ]
18:07:09:803-This is Debug For sensorNmKeys[j] [Sensor]
18:07:09:804-this is debuging for resultCopy[i][sensors][sensorNmKeys[j]]
{
  GH_Temperature: 26.6,
  GH_Relative_Humidity: 70,
  GH_CO2: 454,
  GH_Luminescence: 60,
  TDS: 800,
  GH_Soil_Temperature: 30,
  GH_Wind_Speed: -1,
  GH_Rain_Sensor: -1,
  External_Temperature: -1,
  External_Humidity: -1
}
18:07:09:810-This is Debug For sensorNmKeys[j] [Channel]
18:07:09:810-this is debuging for resultCopy[i][sensors][sensorNmKeys[j]]
{
  GH_CO2V: -1,
  GH_Left_Curtain: 1,
  GH_Right_Curtain: 1,
  GH_Top_Curtain: 0,
  GH_Fog: -1,
  GH_Irrg_Pump: -1,
  GH_Irrig_Valve1: -1,
  GH_Irrig_Valve2: -1,
  GH_Fan: 1,
  GH_Air_Circulation: 0
}
18:07:09:814-This is Debug For sensorNmKeys[j] [Date]
18:07:09:815-this is debuging for resultCopy[i][sensors][sensorNmKeys[j]]
{}
18:07:09:817-this is debuging for resultCopy [8]
18:07:09:818-this is debuging for sensorNmKeys
[ 'Sensor', 'Channel', 'Date' ]
18:07:09:819-This is Debug For sensorNmKeys[j] [Sensor]
18:07:09:820-this is debuging for resultCopy[i][sensors][sensorNmKeys[j]]
{
  GH_Temperature: 26.7,
  GH_Relative_Humidity: 70,
  GH_CO2: 451,
  GH_Luminescence: 61,
  TDS: 800,
  GH_Soil_Temperature: 30,
  GH_Wind_Speed: -1,
  GH_Rain_Sensor: -1,
  External_Temperature: -1,
  External_Humidity: -1
}
18:07:09:825-This is Debug For sensorNmKeys[j] [Channel]
18:07:09:826-this is debuging for resultCopy[i][sensors][sensorNmKeys[j]]
{
  GH_CO2V: -1,
  GH_Left_Curtain: 1,
  GH_Right_Curtain: 1,
  GH_Top_Curtain: 0,
  GH_Fog: -1,
  GH_Irrg_Pump: -1,
  GH_Irrig_Valve1: -1,
  GH_Irrig_Valve2: -1,
  GH_Fan: 1,
  GH_Air_Circulation: 0
}
18:07:09:831-This is Debug For sensorNmKeys[j] [Date]
18:07:09:833-this is debuging for resultCopy[i][sensors][sensorNmKeys[j]]
{}
18:07:09:834-this is debuging for resultCopy [9]
18:07:09:834-this is debuging for sensorNmKeys
[ 'Sensor', 'Channel', 'Date' ]
18:07:09:836-This is Debug For sensorNmKeys[j] [Sensor]
18:07:09:837-this is debuging for resultCopy[i][sensors][sensorNmKeys[j]]
{
  GH_Temperature: 26.7,
  GH_Relative_Humidity: 70,
  GH_CO2: 448,
  GH_Luminescence: 63,
  TDS: 800,
  GH_Soil_Temperature: 30,
  GH_Wind_Speed: -1,
  GH_Rain_Sensor: -1,
  External_Temperature: -1,
  External_Humidity: -1
}
18:07:09:845-This is Debug For sensorNmKeys[j] [Channel]
18:07:09:846-this is debuging for resultCopy[i][sensors][sensorNmKeys[j]]
{
  GH_CO2V: -1,
  GH_Left_Curtain: 1,
  GH_Right_Curtain: 1,
  GH_Top_Curtain: 0,
  GH_Fog: -1,
  GH_Irrg_Pump: -1,
  GH_Irrig_Valve1: -1,
  GH_Irrig_Valve2: -1,
  GH_Fan: 1,
  GH_Air_Circulation: 0
}
18:07:09:851-This is Debug For sensorNmKeys[j] [Date]
18:07:09:851-this is debuging for resultCopy[i][sensors][sensorNmKeys[j]]
{}
18:07:10:366-This is All Data OF json in getDashBoard
{
  finalResult: [
    [
      '5ccf7f5a0481_110',
      'GHA_01T',
      'GH_Temperature',
      [Object],
      2019-07-20T13:13:20.098Z
    ],
    [
      '5ccf7f5a0481_110',
      'GHA_01T',
      'GH_Temperature',
      [Object],
      2019-07-20T13:11:20.111Z
    ],
    [
      '5ccf7f5a0481_110',
      'GHA_01T',
      'GH_Temperature',
      [Object],
      2019-07-20T13:09:20.105Z
    ],
    [
      '5ccf7f5a0481_110',
      'GHA_01T',
      'GH_Temperature',
      [Object],
      2019-07-20T13:07:20.094Z
    ],
    [
      '5ccf7f5a0481_110',
      'GHA_01T',
      'GH_Temperature',
      [Object],
      2019-07-20T13:05:20.093Z
    ],
    [
      '5ccf7f5a0481_110',
      'GHA_01T',
      'GH_Temperature',
      [Object],
      2019-07-20T13:03:20.097Z
    ],
    [
      '5ccf7f5a0481_110',
      'GHA_01T',
      'GH_Temperature',
      [Object],
      2019-07-20T13:01:20.094Z
    ],
    [
      '5ccf7f5a0481_110',
      'GHA_01T',
      'GH_Temperature',
      [Object],
      2019-07-20T12:59:20.106Z
    ],
    [
      '5ccf7f5a0481_110',
      'GHA_01T',
      'GH_Temperature',
      [Object],
      2019-07-20T12:57:20.096Z
    ],
    [
      '5ccf7f5a0481_110',
      'GHA_01T',
      'GH_Temperature',
      [Object],
      2019-07-20T12:55:20.110Z
    ]
  ],
  data_count: 1477,
  lastdataObj: [
    {
      sesnorsType: 'Sensor',
      sensorsName: 'GH_Temperature',
      sensorsValues: 26.7
    },
    {
      sesnorsType: 'Sensor',
      sensorsName: 'GH_Relative_Humidity',
      sensorsValues: 70.1
    },
    {
      sesnorsType: 'Sensor',
      sensorsName: 'GH_CO2',
      sensorsValues: 478
    },
    {
      sesnorsType: 'Sensor',
      sensorsName: 'GH_Luminescence',
      sensorsValues: 57
    },
    { sesnorsType: 'Sensor', sensorsName: 'TDS', sensorsValues: 800 },
    {
      sesnorsType: 'Sensor',
      sensorsName: 'GH_Soil_Temperature',
      sensorsValues: 30
    },
    {
      sesnorsType: 'Sensor',
      sensorsName: 'GH_Wind_Speed',
      sensorsValues: -1
    },
    {
      sesnorsType: 'Sensor',
      sensorsName: 'GH_Rain_Sensor',
      sensorsValues: -1
    },
    {
      sesnorsType: 'Sensor',
      sensorsName: 'External_Temperature',
      sensorsValues: -1
    },
    {
      sesnorsType: 'Sensor',
      sensorsName: 'External_Humidity',
      sensorsValues: -1
    },
    {
      sesnorsType: 'Channel',
      sensorsName: 'GH_CO2V',
      sensorsValues: -1
    },
    {
      sesnorsType: 'Channel',
      sensorsName: 'GH_Left_Curtain',
      sensorsValues: 1
    },
    {
      sesnorsType: 'Channel',
      sensorsName: 'GH_Right_Curtain',
      sensorsValues: 1
    },
    {
      sesnorsType: 'Channel',
      sensorsName: 'GH_Top_Curtain',
      sensorsValues: 0
    },
    {
      sesnorsType: 'Channel',
      sensorsName: 'GH_Fog',
      sensorsValues: -1
    },
    {
      sesnorsType: 'Channel',
      sensorsName: 'GH_Irrg_Pump',
      sensorsValues: -1
    },
    {
      sesnorsType: 'Channel',
      sensorsName: 'GH_Irrig_Valve1',
      sensorsValues: -1
    },
    {
      sesnorsType: 'Channel',
      sensorsName: 'GH_Irrig_Valve2',
      sensorsValues: -1
    },
    { sesnorsType: 'Channel', sensorsName: 'GH_Fan', sensorsValues: 1 },
    {
      sesnorsType: 'Channel',
      sensorsName: 'GH_Air_Circulation',
      sensorsValues: 0
    }
  ],
  lastCreatedTime: 2019-07-20T13:13:20.098Z
}
18:11:23:767-This is clientID 
[
  {
    _id: 5ccbdaf4fb6fc00ed5a0033c,
    clientID: 'Desai-001',
    viewDashBoard: { deviceTypes: [Object] },
    activeDashBoard: { deviceTypes: [Object], OperatingForms: [Array] }
  }
]
