12:36:41:519-This is Criteria for ApiAggregator startRenge : [2019-08-19T00:00:00.000Z] -  endRenge :[2019-08-19T23:00:00.000Z] and macArray
[
  '382b7803f3db',
  '5ccf7f5a0481_112',
  '5ccf7f5a0481_111',
  '5ccf7f5a0481_110'
]
12:36:42:085-rengeOfTime length - [23] and Array of Time
[
  {
    startTime: '2019-08-19T00:00:00.000Z',
    endTime: '2019-08-19T01:30:00.000Z'
  },
  {
    startTime: '2019-08-19T01:30:00.000Z',
    endTime: '2019-08-19T02:30:00.000Z'
  },
  {
    startTime: '2019-08-19T02:30:00.000Z',
    endTime: '2019-08-19T03:30:00.000Z'
  },
  {
    startTime: '2019-08-19T03:30:00.000Z',
    endTime: '2019-08-19T04:30:00.000Z'
  },
  {
    startTime: '2019-08-19T04:30:00.000Z',
    endTime: '2019-08-19T05:30:00.000Z'
  },
  {
    startTime: '2019-08-19T05:30:00.000Z',
    endTime: '2019-08-19T06:30:00.000Z'
  },
  {
    startTime: '2019-08-19T06:30:00.000Z',
    endTime: '2019-08-19T07:30:00.000Z'
  },
  {
    startTime: '2019-08-19T07:30:00.000Z',
    endTime: '2019-08-19T08:30:00.000Z'
  },
  {
    startTime: '2019-08-19T08:30:00.000Z',
    endTime: '2019-08-19T09:30:00.000Z'
  },
  {
    startTime: '2019-08-19T09:30:00.000Z',
    endTime: '2019-08-19T10:30:00.000Z'
  },
  {
    startTime: '2019-08-19T10:30:00.000Z',
    endTime: '2019-08-19T11:30:00.000Z'
  },
  {
    startTime: '2019-08-19T11:30:00.000Z',
    endTime: '2019-08-19T12:30:00.000Z'
  },
  {
    startTime: '2019-08-19T12:30:00.000Z',
    endTime: '2019-08-19T13:30:00.000Z'
  },
  {
    startTime: '2019-08-19T13:30:00.000Z',
    endTime: '2019-08-19T14:30:00.000Z'
  },
  {
    startTime: '2019-08-19T14:30:00.000Z',
    endTime: '2019-08-19T15:30:00.000Z'
  },
  {
    startTime: '2019-08-19T15:30:00.000Z',
    endTime: '2019-08-19T16:30:00.000Z'
  },
  {
    startTime: '2019-08-19T16:30:00.000Z',
    endTime: '2019-08-19T17:30:00.000Z'
  },
  {
    startTime: '2019-08-19T17:30:00.000Z',
    endTime: '2019-08-19T18:30:00.000Z'
  },
  {
    startTime: '2019-08-19T18:30:00.000Z',
    endTime: '2019-08-19T19:30:00.000Z'
  },
  {
    startTime: '2019-08-19T19:30:00.000Z',
    endTime: '2019-08-19T20:30:00.000Z'
  },
  {
    startTime: '2019-08-19T20:30:00.000Z',
    endTime: '2019-08-19T21:30:00.000Z'
  },
  {
    startTime: '2019-08-19T21:30:00.000Z',
    endTime: '2019-08-19T22:30:00.000Z'
  },
  {
    startTime: '2019-08-19T22:30:00.000Z',
    endTime: '2019-08-19T23:30:00.000Z'
  }
]
12:36:42:577-startTime [2019-08-19T00:00:00.000Z] endTime - [2019-08-19T01:30:00.000Z] - Date - [2019-08-19]  Hour - [5]  - going to process aggregation for this period.
12:36:42:582-[382b7803f3db] - [0]  DeviceIndex [6] - This is Device Going Process 
12:36:43:409-[382b7803f3db] -total # record deleted 
{
  n: 0,
  opTime: {
    ts: Timestamp { _bsontype: 'Timestamp', low_: 1, high_: 1566563800 },
    t: 3
  },
  electionId: 7fffffff0000000000000003,
  ok: 1,
  operationTime: Timestamp { _bsontype: 'Timestamp', low_: 1, high_: 1566563800 },
  '$clusterTime': {
    clusterTime: Timestamp { _bsontype: 'Timestamp', low_: 1, high_: 1566563800 },
    signature: { hash: [Binary], keyId: [Long] }
  },
  deletedCount: 0
}
12:36:43:477-[382b7803f3db] - [14] - # of sensors associated with Device
12:36:49:296-[382b7803f3db] - [0] -  # of sensors with activity in the current period
12:36:49:298-[382b7803f3db] - [0] -  # of channels associated with Device 
12:36:49:374-[382b7803f3db] - [0]  DeviceIndex [6] -total # records - ready to insert 
12:36:49:377-[5ccf7f5a0481_112] - [1]  DeviceIndex [17] - This is Device Going Process 
12:36:49:624-[5ccf7f5a0481_112] -total # record deleted 
{
  n: 0,
  opTime: {
    ts: Timestamp { _bsontype: 'Timestamp', low_: 1, high_: 1566563800 },
    t: 3
  },
  electionId: 7fffffff0000000000000003,
  ok: 1,
  operationTime: Timestamp { _bsontype: 'Timestamp', low_: 1, high_: 1566563800 },
  '$clusterTime': {
    clusterTime: Timestamp { _bsontype: 'Timestamp', low_: 1, high_: 1566563800 },
    signature: { hash: [Binary], keyId: [Long] }
  },
  deletedCount: 0
}
12:36:49:787-[5ccf7f5a0481_112] - [10] - # of sensors associated with Device
12:36:51:887-[5ccf7f5a0481_112] - [0] -  # of sensors with activity in the current period
12:36:51:890-[5ccf7f5a0481_112] - [10] -  # of channels associated with Device 
12:36:54:153-[5ccf7f5a0481_112] - [0] - # of channels with activity in the current period 
12:36:54:155-[5ccf7f5a0481_112] - [0]  DeviceIndex [17] -total # records - ready to insert 
12:36:54:156-[5ccf7f5a0481_111] - [2]  DeviceIndex [12] - This is Device Going Process 
12:36:54:399-[5ccf7f5a0481_111] -total # record deleted 
{
  n: 0,
  opTime: {
    ts: Timestamp { _bsontype: 'Timestamp', low_: 1, high_: 1566563810 },
    t: 3
  },
  electionId: 7fffffff0000000000000003,
  ok: 1,
  operationTime: Timestamp { _bsontype: 'Timestamp', low_: 1, high_: 1566563810 },
  '$clusterTime': {
    clusterTime: Timestamp { _bsontype: 'Timestamp', low_: 1, high_: 1566563810 },
    signature: { hash: [Binary], keyId: [Long] }
  },
  deletedCount: 0
}
12:36:54:523-[5ccf7f5a0481_111] - [10] - # of sensors associated with Device
12:36:56:753-[5ccf7f5a0481_111] - [0] -  # of sensors with activity in the current period
12:36:56:758-[5ccf7f5a0481_111] - [9] -  # of channels associated with Device 
12:36:58:804-[5ccf7f5a0481_111] - [0] - # of channels with activity in the current period 
12:36:58:806-[5ccf7f5a0481_111] - [0]  DeviceIndex [12] -total # records - ready to insert 
12:36:58:807-[5ccf7f5a0481_110] - [3]  DeviceIndex [11] - This is Device Going Process 
12:36:59:046-[5ccf7f5a0481_110] -total # record deleted 
{
  n: 0,
  opTime: {
    ts: Timestamp { _bsontype: 'Timestamp', low_: 1, high_: 1566563810 },
    t: 3
  },
  electionId: 7fffffff0000000000000003,
  ok: 1,
  operationTime: Timestamp { _bsontype: 'Timestamp', low_: 1, high_: 1566563810 },
  '$clusterTime': {
    clusterTime: Timestamp { _bsontype: 'Timestamp', low_: 1, high_: 1566563810 },
    signature: { hash: [Binary], keyId: [Long] }
  },
  deletedCount: 0
}
12:36:59:164-[5ccf7f5a0481_110] - [10] - # of sensors associated with Device
12:37:01:318-[5ccf7f5a0481_110] - [0] -  # of sensors with activity in the current period
12:37:01:320-[5ccf7f5a0481_110] - [10] -  # of channels associated with Device 
12:37:03:515-[5ccf7f5a0481_110] - [0] - # of channels with activity in the current period 
12:37:03:516-[5ccf7f5a0481_110] - [0]  DeviceIndex [11] -total # records - ready to insert 
12:37:03:517-startTime [2019-08-19T01:30:00.000Z] endTime - [2019-08-19T02:30:00.000Z] - Date - [2019-08-19]  Hour - [7]  - going to process aggregation for this period.
12:37:03:519-[382b7803f3db] - [0]  DeviceIndex [6] - This is Device Going Process 
12:37:03:814-[382b7803f3db] -total # record deleted 
{
  n: 0,
  opTime: {
    ts: Timestamp { _bsontype: 'Timestamp', low_: 1, high_: 1566563820 },
    t: 3
  },
  electionId: 7fffffff0000000000000003,
  ok: 1,
  operationTime: Timestamp { _bsontype: 'Timestamp', low_: 1, high_: 1566563820 },
  '$clusterTime': {
    clusterTime: Timestamp { _bsontype: 'Timestamp', low_: 1, high_: 1566563820 },
    signature: { hash: [Binary], keyId: [Long] }
  },
  deletedCount: 0
}
12:37:03:882-[382b7803f3db] - [14] - # of sensors associated with Device
12:37:06:887-[382b7803f3db] - [0] -  # of sensors with activity in the current period
12:37:06:889-[382b7803f3db] - [0] -  # of channels associated with Device 
12:37:06:890-[382b7803f3db] - [0]  DeviceIndex [6] -total # records - ready to insert 
12:37:06:892-[5ccf7f5a0481_112] - [1]  DeviceIndex [17] - This is Device Going Process 
12:37:07:074-[5ccf7f5a0481_112] -total # record deleted 
{
  n: 0,
  opTime: {
    ts: Timestamp { _bsontype: 'Timestamp', low_: 1, high_: 1566563820 },
    t: 3
  },
  electionId: 7fffffff0000000000000003,
  ok: 1,
  operationTime: Timestamp { _bsontype: 'Timestamp', low_: 1, high_: 1566563820 },
  '$clusterTime': {
    clusterTime: Timestamp { _bsontype: 'Timestamp', low_: 1, high_: 1566563820 },
    signature: { hash: [Binary], keyId: [Long] }
  },
  deletedCount: 0
}
12:37:07:150-[5ccf7f5a0481_112] - [10] - # of sensors associated with Device
12:37:09:314-[5ccf7f5a0481_112] - [0] -  # of sensors with activity in the current period
12:37:09:318-[5ccf7f5a0481_112] - [10] -  # of channels associated with Device 
12:37:11:551-[5ccf7f5a0481_112] - [0] - # of channels with activity in the current period 
12:37:11:553-[5ccf7f5a0481_112] - [0]  DeviceIndex [17] -total # records - ready to insert 
12:37:11:610-[5ccf7f5a0481_111] - [2]  DeviceIndex [12] - This is Device Going Process 
12:37:11:775-[5ccf7f5a0481_111] -total # record deleted 
{
  n: 0,
  opTime: {
    ts: Timestamp { _bsontype: 'Timestamp', low_: 1, high_: 1566563830 },
    t: 3
  },
  electionId: 7fffffff0000000000000003,
  ok: 1,
  operationTime: Timestamp { _bsontype: 'Timestamp', low_: 1, high_: 1566563830 },
  '$clusterTime': {
    clusterTime: Timestamp { _bsontype: 'Timestamp', low_: 1, high_: 1566563830 },
    signature: { hash: [Binary], keyId: [Long] }
  },
  deletedCount: 0
}
12:37:11:820-[5ccf7f5a0481_111] - [10] - # of sensors associated with Device
12:37:13:978-[5ccf7f5a0481_111] - [0] -  # of sensors with activity in the current period
12:37:13:984-[5ccf7f5a0481_111] - [9] -  # of channels associated with Device 
12:37:15:969-[5ccf7f5a0481_111] - [0] - # of channels with activity in the current period 
12:37:15:971-[5ccf7f5a0481_111] - [0]  DeviceIndex [12] -total # records - ready to insert 
12:37:15:973-[5ccf7f5a0481_110] - [3]  DeviceIndex [11] - This is Device Going Process 
12:37:16:207-[5ccf7f5a0481_110] -total # record deleted 
{
  n: 0,
  opTime: {
    ts: Timestamp { _bsontype: 'Timestamp', low_: 1, high_: 1566563830 },
    t: 3
  },
  electionId: 7fffffff0000000000000003,
  ok: 1,
  operationTime: Timestamp { _bsontype: 'Timestamp', low_: 1, high_: 1566563830 },
  '$clusterTime': {
    clusterTime: Timestamp { _bsontype: 'Timestamp', low_: 1, high_: 1566563830 },
    signature: { hash: [Binary], keyId: [Long] }
  },
  deletedCount: 0
}
12:37:16:301-[5ccf7f5a0481_110] - [10] - # of sensors associated with Device
12:37:18:401-[5ccf7f5a0481_110] - [0] -  # of sensors with activity in the current period
12:37:18:404-[5ccf7f5a0481_110] - [10] -  # of channels associated with Device 
12:37:20:899-[5ccf7f5a0481_110] - [0] - # of channels with activity in the current period 
12:37:20:901-[5ccf7f5a0481_110] - [0]  DeviceIndex [11] -total # records - ready to insert 
12:37:20:902-startTime [2019-08-19T02:30:00.000Z] endTime - [2019-08-19T03:30:00.000Z] - Date - [2019-08-19]  Hour - [8]  - going to process aggregation for this period.
12:37:20:944-[382b7803f3db] - [0]  DeviceIndex [6] - This is Device Going Process 
12:37:21:162-[382b7803f3db] -total # record deleted 
{
  n: 0,
  opTime: {
    ts: Timestamp { _bsontype: 'Timestamp', low_: 1, high_: 1566563840 },
    t: 3
  },
  electionId: 7fffffff0000000000000003,
  ok: 1,
  operationTime: Timestamp { _bsontype: 'Timestamp', low_: 1, high_: 1566563840 },
  '$clusterTime': {
    clusterTime: Timestamp { _bsontype: 'Timestamp', low_: 1, high_: 1566563840 },
    signature: { hash: [Binary], keyId: [Long] }
  },
  deletedCount: 0
}
12:37:21:252-[382b7803f3db] - [14] - # of sensors associated with Device
12:37:24:664-[382b7803f3db] - [0] -  # of sensors with activity in the current period
12:37:24:665-[382b7803f3db] - [0] -  # of channels associated with Device 
12:37:24:666-[382b7803f3db] - [0]  DeviceIndex [6] -total # records - ready to insert 
12:37:24:712-[5ccf7f5a0481_112] - [1]  DeviceIndex [17] - This is Device Going Process 
12:37:24:896-[5ccf7f5a0481_112] -total # record deleted 
{
  n: 0,
  opTime: {
    ts: Timestamp { _bsontype: 'Timestamp', low_: 1, high_: 1566563840 },
    t: 3
  },
  electionId: 7fffffff0000000000000003,
  ok: 1,
  operationTime: Timestamp { _bsontype: 'Timestamp', low_: 1, high_: 1566563840 },
  '$clusterTime': {
    clusterTime: Timestamp { _bsontype: 'Timestamp', low_: 1, high_: 1566563840 },
    signature: { hash: [Binary], keyId: [Long] }
  },
  deletedCount: 0
}
12:37:24:978-[5ccf7f5a0481_112] - [10] - # of sensors associated with Device
12:37:28:880-[5ccf7f5a0481_112] - [0] -  # of sensors with activity in the current period
12:37:28:882-[5ccf7f5a0481_112] - [10] -  # of channels associated with Device 
12:37:31:171-[5ccf7f5a0481_112] - [0] - # of channels with activity in the current period 
12:37:31:173-[5ccf7f5a0481_112] - [0]  DeviceIndex [17] -total # records - ready to insert 
12:37:31:175-[5ccf7f5a0481_111] - [2]  DeviceIndex [12] - This is Device Going Process 
12:37:31:542-[5ccf7f5a0481_111] -total # record deleted 
{
  n: 0,
  opTime: {
    ts: Timestamp { _bsontype: 'Timestamp', low_: 11, high_: 1566563850 },
    t: 3
  },
  electionId: 7fffffff0000000000000003,
  ok: 1,
  operationTime: Timestamp { _bsontype: 'Timestamp', low_: 11, high_: 1566563850 },
  '$clusterTime': {
    clusterTime: Timestamp { _bsontype: 'Timestamp', low_: 11, high_: 1566563850 },
    signature: { hash: [Binary], keyId: [Long] }
  },
  deletedCount: 0
}
12:37:31:667-[5ccf7f5a0481_111] - [10] - # of sensors associated with Device
12:37:33:982-[5ccf7f5a0481_111] - [0] -  # of sensors with activity in the current period
12:37:33:984-[5ccf7f5a0481_111] - [9] -  # of channels associated with Device 
12:37:36:007-[5ccf7f5a0481_111] - [0] - # of channels with activity in the current period 
12:37:36:009-[5ccf7f5a0481_111] - [0]  DeviceIndex [12] -total # records - ready to insert 
12:37:36:010-[5ccf7f5a0481_110] - [3]  DeviceIndex [11] - This is Device Going Process 
12:37:36:237-[5ccf7f5a0481_110] -total # record deleted 
{
  n: 0,
  opTime: {
    ts: Timestamp { _bsontype: 'Timestamp', low_: 11, high_: 1566563850 },
    t: 3
  },
  electionId: 7fffffff0000000000000003,
  ok: 1,
  operationTime: Timestamp { _bsontype: 'Timestamp', low_: 11, high_: 1566563850 },
  '$clusterTime': {
    clusterTime: Timestamp { _bsontype: 'Timestamp', low_: 11, high_: 1566563850 },
    signature: { hash: [Binary], keyId: [Long] }
  },
  deletedCount: 0
}
12:37:36:375-[5ccf7f5a0481_110] - [10] - # of sensors associated with Device
12:37:38:531-[5ccf7f5a0481_110] - [0] -  # of sensors with activity in the current period
12:37:38:534-[5ccf7f5a0481_110] - [10] -  # of channels associated with Device 
12:37:41:350-[5ccf7f5a0481_110] - [0] - # of channels with activity in the current period 
12:37:41:352-[5ccf7f5a0481_110] - [0]  DeviceIndex [11] -total # records - ready to insert 
12:37:41:354-startTime [2019-08-19T03:30:00.000Z] endTime - [2019-08-19T04:30:00.000Z] - Date - [2019-08-19]  Hour - [9]  - going to process aggregation for this period.
12:37:41:417-[382b7803f3db] - [0]  DeviceIndex [6] - This is Device Going Process 
12:37:41:601-[382b7803f3db] -total # record deleted 
{
  n: 0,
  opTime: {
    ts: Timestamp { _bsontype: 'Timestamp', low_: 1, high_: 1566563860 },
    t: 3
  },
  electionId: 7fffffff0000000000000003,
  ok: 1,
  operationTime: Timestamp { _bsontype: 'Timestamp', low_: 1, high_: 1566563860 },
  '$clusterTime': {
    clusterTime: Timestamp { _bsontype: 'Timestamp', low_: 1, high_: 1566563860 },
    signature: { hash: [Binary], keyId: [Long] }
  },
  deletedCount: 0
}
12:37:41:690-[382b7803f3db] - [14] - # of sensors associated with Device
12:37:45:265-[382b7803f3db] - [0] -  # of sensors with activity in the current period
12:37:45:267-[382b7803f3db] - [0] -  # of channels associated with Device 
12:37:45:269-[382b7803f3db] - [0]  DeviceIndex [6] -total # records - ready to insert 
12:37:45:340-[5ccf7f5a0481_112] - [1]  DeviceIndex [17] - This is Device Going Process 
12:37:45:504-[5ccf7f5a0481_112] -total # record deleted 
{
  n: 0,
  opTime: {
    ts: Timestamp { _bsontype: 'Timestamp', low_: 1, high_: 1566563860 },
    t: 3
  },
  electionId: 7fffffff0000000000000003,
  ok: 1,
  operationTime: Timestamp { _bsontype: 'Timestamp', low_: 1, high_: 1566563860 },
  '$clusterTime': {
    clusterTime: Timestamp { _bsontype: 'Timestamp', low_: 1, high_: 1566563860 },
    signature: { hash: [Binary], keyId: [Long] }
  },
  deletedCount: 0
}
12:37:45:552-[5ccf7f5a0481_112] - [10] - # of sensors associated with Device
12:37:48:158-[5ccf7f5a0481_112] - [0] -  # of sensors with activity in the current period
12:37:48:160-[5ccf7f5a0481_112] - [10] -  # of channels associated with Device 
12:37:50:435-[5ccf7f5a0481_112] - [0] - # of channels with activity in the current period 
12:37:50:437-[5ccf7f5a0481_112] - [0]  DeviceIndex [17] -total # records - ready to insert 
12:37:50:439-[5ccf7f5a0481_111] - [2]  DeviceIndex [12] - This is Device Going Process 
12:37:50:698-[5ccf7f5a0481_111] -total # record deleted 
{
  n: 0,
  opTime: {
    ts: Timestamp { _bsontype: 'Timestamp', low_: 1, high_: 1566563860 },
    t: 3
  },
  electionId: 7fffffff0000000000000003,
  ok: 1,
  operationTime: Timestamp { _bsontype: 'Timestamp', low_: 1, high_: 1566563860 },
  '$clusterTime': {
    clusterTime: Timestamp { _bsontype: 'Timestamp', low_: 1, high_: 1566563860 },
    signature: { hash: [Binary], keyId: [Long] }
  },
  deletedCount: 0
}
12:37:50:752-[5ccf7f5a0481_111] - [10] - # of sensors associated with Device
12:37:52:883-[5ccf7f5a0481_111] - [0] -  # of sensors with activity in the current period
12:37:52:891-[5ccf7f5a0481_111] - [9] -  # of channels associated with Device 
12:37:55:810-[5ccf7f5a0481_111] - [0] - # of channels with activity in the current period 
12:37:55:812-[5ccf7f5a0481_111] - [0]  DeviceIndex [12] -total # records - ready to insert 
12:37:55:813-[5ccf7f5a0481_110] - [3]  DeviceIndex [11] - This is Device Going Process 
12:37:56:092-[5ccf7f5a0481_110] -total # record deleted 
{
  n: 0,
  opTime: {
    ts: Timestamp { _bsontype: 'Timestamp', low_: 1, high_: 1566563870 },
    t: 3
  },
  electionId: 7fffffff0000000000000003,
  ok: 1,
  operationTime: Timestamp { _bsontype: 'Timestamp', low_: 1, high_: 1566563870 },
  '$clusterTime': {
    clusterTime: Timestamp { _bsontype: 'Timestamp', low_: 1, high_: 1566563870 },
    signature: { hash: [Binary], keyId: [Long] }
  },
  deletedCount: 0
}
12:37:56:160-[5ccf7f5a0481_110] - [10] - # of sensors associated with Device
12:37:58:744-[5ccf7f5a0481_110] - [0] -  # of sensors with activity in the current period
12:37:58:747-[5ccf7f5a0481_110] - [10] -  # of channels associated with Device 
12:38:03:032-[5ccf7f5a0481_110] - [0] - # of channels with activity in the current period 
12:38:03:033-[5ccf7f5a0481_110] - [0]  DeviceIndex [11] -total # records - ready to insert 
12:38:03:035-startTime [2019-08-19T04:30:00.000Z] endTime - [2019-08-19T05:30:00.000Z] - Date - [2019-08-19]  Hour - [10]  - going to process aggregation for this period.
12:38:03:107-[382b7803f3db] - [0]  DeviceIndex [6] - This is Device Going Process 
12:38:03:273-[382b7803f3db] -total # record deleted 
{
  n: 0,
  opTime: {
    ts: Timestamp { _bsontype: 'Timestamp', low_: 2, high_: 1566563882 },
    t: 3
  },
  electionId: 7fffffff0000000000000003,
  ok: 1,
  operationTime: Timestamp { _bsontype: 'Timestamp', low_: 2, high_: 1566563882 },
  '$clusterTime': {
    clusterTime: Timestamp { _bsontype: 'Timestamp', low_: 2, high_: 1566563882 },
    signature: { hash: [Binary], keyId: [Long] }
  },
  deletedCount: 0
}
12:38:03:407-[382b7803f3db] - [14] - # of sensors associated with Device
12:38:06:426-[382b7803f3db] - [0] -  # of sensors with activity in the current period
12:38:06:428-[382b7803f3db] - [0] -  # of channels associated with Device 
12:38:06:430-[382b7803f3db] - [0]  DeviceIndex [6] -total # records - ready to insert 
12:38:06:505-[5ccf7f5a0481_112] - [1]  DeviceIndex [17] - This is Device Going Process 
12:38:06:684-[5ccf7f5a0481_112] -total # record deleted 
{
  n: 0,
  opTime: {
    ts: Timestamp { _bsontype: 'Timestamp', low_: 2, high_: 1566563882 },
    t: 3
  },
  electionId: 7fffffff0000000000000003,
  ok: 1,
  operationTime: Timestamp { _bsontype: 'Timestamp', low_: 2, high_: 1566563882 },
  '$clusterTime': {
    clusterTime: Timestamp { _bsontype: 'Timestamp', low_: 2, high_: 1566563882 },
    signature: { hash: [Binary], keyId: [Long] }
  },
  deletedCount: 0
}
12:38:06:837-[5ccf7f5a0481_112] - [10] - # of sensors associated with Device
12:38:08:959-[5ccf7f5a0481_112] - [0] -  # of sensors with activity in the current period
12:38:08:961-[5ccf7f5a0481_112] - [10] -  # of channels associated with Device 
12:38:11:208-[5ccf7f5a0481_112] - [0] - # of channels with activity in the current period 
12:38:11:210-[5ccf7f5a0481_112] - [0]  DeviceIndex [17] -total # records - ready to insert 
12:38:11:212-[5ccf7f5a0481_111] - [2]  DeviceIndex [12] - This is Device Going Process 
12:38:11:458-[5ccf7f5a0481_111] -total # record deleted 
{
  n: 0,
  opTime: {
    ts: Timestamp { _bsontype: 'Timestamp', low_: 2, high_: 1566563882 },
    t: 3
  },
  electionId: 7fffffff0000000000000003,
  ok: 1,
  operationTime: Timestamp { _bsontype: 'Timestamp', low_: 2, high_: 1566563882 },
  '$clusterTime': {
    clusterTime: Timestamp { _bsontype: 'Timestamp', low_: 2, high_: 1566563882 },
    signature: { hash: [Binary], keyId: [Long] }
  },
  deletedCount: 0
}
12:38:11:523-[5ccf7f5a0481_111] - [10] - # of sensors associated with Device
12:38:13:706-[5ccf7f5a0481_111] - [0] -  # of sensors with activity in the current period
12:38:13:708-[5ccf7f5a0481_111] - [9] -  # of channels associated with Device 
12:38:15:683-[5ccf7f5a0481_111] - [0] - # of channels with activity in the current period 
12:38:15:685-[5ccf7f5a0481_111] - [0]  DeviceIndex [12] -total # records - ready to insert 
12:38:15:687-[5ccf7f5a0481_110] - [3]  DeviceIndex [11] - This is Device Going Process 
12:38:15:912-[5ccf7f5a0481_110] -total # record deleted 
{
  n: 0,
  opTime: {
    ts: Timestamp { _bsontype: 'Timestamp', low_: 2, high_: 1566563882 },
    t: 3
  },
  electionId: 7fffffff0000000000000003,
  ok: 1,
  operationTime: Timestamp { _bsontype: 'Timestamp', low_: 2, high_: 1566563882 },
  '$clusterTime': {
    clusterTime: Timestamp { _bsontype: 'Timestamp', low_: 2, high_: 1566563882 },
    signature: { hash: [Binary], keyId: [Long] }
  },
  deletedCount: 0
}
12:38:15:988-[5ccf7f5a0481_110] - [10] - # of sensors associated with Device
12:38:18:179-[5ccf7f5a0481_110] - [0] -  # of sensors with activity in the current period
12:38:18:182-[5ccf7f5a0481_110] - [10] -  # of channels associated with Device 
12:38:20:517-[5ccf7f5a0481_110] - [0] - # of channels with activity in the current period 
12:38:20:519-[5ccf7f5a0481_110] - [0]  DeviceIndex [11] -total # records - ready to insert 
12:38:20:521-startTime [2019-08-19T05:30:00.000Z] endTime - [2019-08-19T06:30:00.000Z] - Date - [2019-08-19]  Hour - [11]  - going to process aggregation for this period.
12:38:20:623-[382b7803f3db] - [0]  DeviceIndex [6] - This is Device Going Process 
12:38:20:784-[382b7803f3db] -total # record deleted 
{
  n: 0,
  opTime: {
    ts: Timestamp { _bsontype: 'Timestamp', low_: 2, high_: 1566563882 },
    t: 3
  },
  electionId: 7fffffff0000000000000003,
  ok: 1,
  operationTime: Timestamp { _bsontype: 'Timestamp', low_: 2, high_: 1566563882 },
  '$clusterTime': {
    clusterTime: Timestamp { _bsontype: 'Timestamp', low_: 2, high_: 1566563882 },
    signature: { hash: [Binary], keyId: [Long] }
  },
  deletedCount: 0
}
12:38:20:875-[382b7803f3db] - [14] - # of sensors associated with Device
12:38:23:899-[382b7803f3db] - [0] -  # of sensors with activity in the current period
12:38:23:901-[382b7803f3db] - [0] -  # of channels associated with Device 
12:38:23:903-[382b7803f3db] - [0]  DeviceIndex [6] -total # records - ready to insert 
12:38:23:971-[5ccf7f5a0481_112] - [1]  DeviceIndex [17] - This is Device Going Process 
12:38:24:132-[5ccf7f5a0481_112] -total # record deleted 
{
  n: 0,
  opTime: {
    ts: Timestamp { _bsontype: 'Timestamp', low_: 1, high_: 1566563900 },
    t: 3
  },
  electionId: 7fffffff0000000000000003,
  ok: 1,
  operationTime: Timestamp { _bsontype: 'Timestamp', low_: 1, high_: 1566563900 },
  '$clusterTime': {
    clusterTime: Timestamp { _bsontype: 'Timestamp', low_: 1, high_: 1566563900 },
    signature: { hash: [Binary], keyId: [Long] }
  },
  deletedCount: 0
}
12:38:24:226-[5ccf7f5a0481_112] - [10] - # of sensors associated with Device
12:38:26:411-[5ccf7f5a0481_112] - [0] -  # of sensors with activity in the current period
12:38:26:413-[5ccf7f5a0481_112] - [10] -  # of channels associated with Device 
12:38:29:068-[5ccf7f5a0481_112] - [0] - # of channels with activity in the current period 
12:38:29:070-[5ccf7f5a0481_112] - [0]  DeviceIndex [17] -total # records - ready to insert 
12:38:29:072-[5ccf7f5a0481_111] - [2]  DeviceIndex [12] - This is Device Going Process 
12:38:29:321-[5ccf7f5a0481_111] -total # record deleted 
{
  n: 0,
  opTime: {
    ts: Timestamp { _bsontype: 'Timestamp', low_: 1, high_: 1566563900 },
    t: 3
  },
  electionId: 7fffffff0000000000000003,
  ok: 1,
  operationTime: Timestamp { _bsontype: 'Timestamp', low_: 1, high_: 1566563900 },
  '$clusterTime': {
    clusterTime: Timestamp { _bsontype: 'Timestamp', low_: 1, high_: 1566563900 },
    signature: { hash: [Binary], keyId: [Long] }
  },
  deletedCount: 0
}
12:38:29:484-[5ccf7f5a0481_111] - [10] - # of sensors associated with Device
12:38:31:666-[5ccf7f5a0481_111] - [0] -  # of sensors with activity in the current period
12:38:31:668-[5ccf7f5a0481_111] - [9] -  # of channels associated with Device 
12:38:33:664-[5ccf7f5a0481_111] - [0] - # of channels with activity in the current period 
12:38:34:123-[5ccf7f5a0481_111] - [0]  DeviceIndex [12] -total # records - ready to insert 
12:38:34:379-[5ccf7f5a0481_110] - [3]  DeviceIndex [11] - This is Device Going Process 
12:38:34:693-[5ccf7f5a0481_110] -total # record deleted 
{
  n: 0,
  opTime: {
    ts: Timestamp { _bsontype: 'Timestamp', low_: 1, high_: 1566563910 },
    t: 3
  },
  electionId: 7fffffff0000000000000003,
  ok: 1,
  operationTime: Timestamp { _bsontype: 'Timestamp', low_: 1, high_: 1566563910 },
  '$clusterTime': {
    clusterTime: Timestamp { _bsontype: 'Timestamp', low_: 1, high_: 1566563910 },
    signature: { hash: [Binary], keyId: [Long] }
  },
  deletedCount: 0
}
12:38:35:143-[5ccf7f5a0481_110] - [10] - # of sensors associated with Device
12:38:37:408-[5ccf7f5a0481_110] - [0] -  # of sensors with activity in the current period
12:38:37:410-[5ccf7f5a0481_110] - [10] -  # of channels associated with Device 
12:38:39:848-[5ccf7f5a0481_110] - [0] - # of channels with activity in the current period 
12:38:39:849-[5ccf7f5a0481_110] - [0]  DeviceIndex [11] -total # records - ready to insert 
12:38:39:851-startTime [2019-08-19T06:30:00.000Z] endTime - [2019-08-19T07:30:00.000Z] - Date - [2019-08-19]  Hour - [12]  - going to process aggregation for this period.
12:38:39:852-[382b7803f3db] - [0]  DeviceIndex [6] - This is Device Going Process 
12:38:40:043-[382b7803f3db] -total # record deleted 
{
  n: 0,
  opTime: {
    ts: Timestamp { _bsontype: 'Timestamp', low_: 1, high_: 1566563910 },
    t: 3
  },
  electionId: 7fffffff0000000000000003,
  ok: 1,
  operationTime: Timestamp { _bsontype: 'Timestamp', low_: 1, high_: 1566563910 },
  '$clusterTime': {
    clusterTime: Timestamp { _bsontype: 'Timestamp', low_: 1, high_: 1566563910 },
    signature: { hash: [Binary], keyId: [Long] }
  },
  deletedCount: 0
}
12:38:40:839-[382b7803f3db] - [14] - # of sensors associated with Device
12:38:43:843-[382b7803f3db] - [0] -  # of sensors with activity in the current period
12:38:44:030-[382b7803f3db] - [0] -  # of channels associated with Device 
12:38:44:226-[382b7803f3db] - [0]  DeviceIndex [6] -total # records - ready to insert 
12:38:44:475-[5ccf7f5a0481_112] - [1]  DeviceIndex [17] - This is Device Going Process 
12:38:44:854-[5ccf7f5a0481_112] -total # record deleted 
{
  n: 0,
  opTime: {
    ts: Timestamp { _bsontype: 'Timestamp', low_: 1, high_: 1566563920 },
    t: 3
  },
  electionId: 7fffffff0000000000000003,
  ok: 1,
  operationTime: Timestamp { _bsontype: 'Timestamp', low_: 1, high_: 1566563920 },
  '$clusterTime': {
    clusterTime: Timestamp { _bsontype: 'Timestamp', low_: 1, high_: 1566563920 },
    signature: { hash: [Binary], keyId: [Long] }
  },
  deletedCount: 0
}
12:38:45:932-[5ccf7f5a0481_112] - [10] - # of sensors associated with Device
12:38:48:053-[5ccf7f5a0481_112] - [0] -  # of sensors with activity in the current period
12:38:48:575-[5ccf7f5a0481_112] - [10] -  # of channels associated with Device 
12:38:51:042-[5ccf7f5a0481_112] - [0] - # of channels with activity in the current period 
12:38:51:123-[5ccf7f5a0481_112] - [0]  DeviceIndex [17] -total # records - ready to insert 
12:38:51:226-[5ccf7f5a0481_111] - [2]  DeviceIndex [12] - This is Device Going Process 
12:38:51:487-[5ccf7f5a0481_111] -total # record deleted 
{
  n: 0,
  opTime: {
    ts: Timestamp { _bsontype: 'Timestamp', low_: 1, high_: 1566563930 },
    t: 3
  },
  electionId: 7fffffff0000000000000003,
  ok: 1,
  operationTime: Timestamp { _bsontype: 'Timestamp', low_: 1, high_: 1566563930 },
  '$clusterTime': {
    clusterTime: Timestamp { _bsontype: 'Timestamp', low_: 1, high_: 1566563930 },
    signature: { hash: [Binary], keyId: [Long] }
  },
  deletedCount: 0
}
12:38:51:982-[5ccf7f5a0481_111] - [10] - # of sensors associated with Device
12:38:54:113-[5ccf7f5a0481_111] - [0] -  # of sensors with activity in the current period
12:38:54:116-[5ccf7f5a0481_111] - [9] -  # of channels associated with Device 
12:38:56:094-[5ccf7f5a0481_111] - [0] - # of channels with activity in the current period 
12:38:56:095-[5ccf7f5a0481_111] - [0]  DeviceIndex [12] -total # records - ready to insert 
12:38:56:096-[5ccf7f5a0481_110] - [3]  DeviceIndex [11] - This is Device Going Process 
12:38:56:498-[5ccf7f5a0481_110] -total # record deleted 
{
  n: 0,
  opTime: {
    ts: Timestamp { _bsontype: 'Timestamp', low_: 1, high_: 1566563930 },
    t: 3
  },
  electionId: 7fffffff0000000000000003,
  ok: 1,
  operationTime: Timestamp { _bsontype: 'Timestamp', low_: 1, high_: 1566563930 },
  '$clusterTime': {
    clusterTime: Timestamp { _bsontype: 'Timestamp', low_: 1, high_: 1566563930 },
    signature: { hash: [Binary], keyId: [Long] }
  },
  deletedCount: 0
}
12:38:56:543-[5ccf7f5a0481_110] - [10] - # of sensors associated with Device
12:38:58:704-[5ccf7f5a0481_110] - [0] -  # of sensors with activity in the current period
12:38:58:707-[5ccf7f5a0481_110] - [10] -  # of channels associated with Device 
12:39:01:010-[5ccf7f5a0481_110] - [0] - # of channels with activity in the current period 
12:39:01:011-[5ccf7f5a0481_110] - [0]  DeviceIndex [11] -total # records - ready to insert 
12:39:01:012-startTime [2019-08-19T07:30:00.000Z] endTime - [2019-08-19T08:30:00.000Z] - Date - [2019-08-19]  Hour - [13]  - going to process aggregation for this period.
12:39:01:071-[382b7803f3db] - [0]  DeviceIndex [6] - This is Device Going Process 
12:39:01:259-[382b7803f3db] -total # record deleted 
{
  n: 0,
  opTime: {
    ts: Timestamp { _bsontype: 'Timestamp', low_: 1, high_: 1566563940 },
    t: 3
  },
  electionId: 7fffffff0000000000000003,
  ok: 1,
  operationTime: Timestamp { _bsontype: 'Timestamp', low_: 1, high_: 1566563940 },
  '$clusterTime': {
    clusterTime: Timestamp { _bsontype: 'Timestamp', low_: 1, high_: 1566563940 },
    signature: { hash: [Binary], keyId: [Long] }
  },
  deletedCount: 0
}
12:39:01:325-[382b7803f3db] - [14] - # of sensors associated with Device
12:39:04:696-[382b7803f3db] - [0] -  # of sensors with activity in the current period
12:39:04:698-[382b7803f3db] - [0] -  # of channels associated with Device 
12:39:04:699-[382b7803f3db] - [0]  DeviceIndex [6] -total # records - ready to insert 
12:39:04:766-[5ccf7f5a0481_112] - [1]  DeviceIndex [17] - This is Device Going Process 
12:39:04:943-[5ccf7f5a0481_112] -total # record deleted 
{
  n: 0,
  opTime: {
    ts: Timestamp { _bsontype: 'Timestamp', low_: 1, high_: 1566563940 },
    t: 3
  },
  electionId: 7fffffff0000000000000003,
  ok: 1,
  operationTime: Timestamp { _bsontype: 'Timestamp', low_: 1, high_: 1566563940 },
  '$clusterTime': {
    clusterTime: Timestamp { _bsontype: 'Timestamp', low_: 1, high_: 1566563940 },
    signature: { hash: [Binary], keyId: [Long] }
  },
  deletedCount: 0
}
12:39:05:022-[5ccf7f5a0481_112] - [10] - # of sensors associated with Device
12:39:07:212-[5ccf7f5a0481_112] - [0] -  # of sensors with activity in the current period
12:39:07:215-[5ccf7f5a0481_112] - [10] -  # of channels associated with Device 
12:39:09:429-[5ccf7f5a0481_112] - [0] - # of channels with activity in the current period 
12:39:09:431-[5ccf7f5a0481_112] - [0]  DeviceIndex [17] -total # records - ready to insert 
12:39:09:432-[5ccf7f5a0481_111] - [2]  DeviceIndex [12] - This is Device Going Process 
12:39:09:711-[5ccf7f5a0481_111] -total # record deleted 
{
  n: 0,
  opTime: {
    ts: Timestamp { _bsontype: 'Timestamp', low_: 1, high_: 1566563940 },
    t: 3
  },
  electionId: 7fffffff0000000000000003,
  ok: 1,
  operationTime: Timestamp { _bsontype: 'Timestamp', low_: 1, high_: 1566563940 },
  '$clusterTime': {
    clusterTime: Timestamp { _bsontype: 'Timestamp', low_: 1, high_: 1566563940 },
    signature: { hash: [Binary], keyId: [Long] }
  },
  deletedCount: 0
}
12:39:09:735-[5ccf7f5a0481_111] - [10] - # of sensors associated with Device
12:39:30:997-catch error in startMainProcessSensors function
TypeError: Cannot read property 'length' of undefined
    at C:\Users\User\Desktop\gomosserver\MainProject\baseFunction\batchServices\aggregatorFunction.js:250:23
    at processTicksAndRejections (internal/process/task_queues.js:89:5)
12:39:36:354-[5ccf7f5a0481_111] - [0] -  # of sensors with activity in the current period
12:39:36:357-[5ccf7f5a0481_111] - [9] -  # of channels associated with Device 
12:39:38:355-[5ccf7f5a0481_111] - [0] - # of channels with activity in the current period 
12:39:38:357-[5ccf7f5a0481_111] - [0]  DeviceIndex [12] -total # records - ready to insert 
12:39:38:362-[5ccf7f5a0481_110] - [3]  DeviceIndex [11] - This is Device Going Process 
12:39:38:525-[5ccf7f5a0481_110] -total # record deleted 
{
  n: 0,
  opTime: {
    ts: Timestamp { _bsontype: 'Timestamp', low_: 1, high_: 1566563970 },
    t: 3
  },
  electionId: 7fffffff0000000000000003,
  ok: 1,
  operationTime: Timestamp { _bsontype: 'Timestamp', low_: 1, high_: 1566563970 },
  '$clusterTime': {
    clusterTime: Timestamp { _bsontype: 'Timestamp', low_: 1, high_: 1566563970 },
    signature: { hash: [Binary], keyId: [Long] }
  },
  deletedCount: 0
}
12:39:38:648-[5ccf7f5a0481_110] - [10] - # of sensors associated with Device
12:39:41:664-[5ccf7f5a0481_110] - [0] -  # of sensors with activity in the current period
12:39:41:666-[5ccf7f5a0481_110] - [10] -  # of channels associated with Device 
12:39:43:982-[5ccf7f5a0481_110] - [0] - # of channels with activity in the current period 
12:39:43:984-[5ccf7f5a0481_110] - [0]  DeviceIndex [11] -total # records - ready to insert 
12:39:43:985-startTime [2019-08-19T08:30:00.000Z] endTime - [2019-08-19T09:30:00.000Z] - Date - [2019-08-19]  Hour - [14]  - going to process aggregation for this period.
12:39:44:032-[382b7803f3db] - [0]  DeviceIndex [6] - This is Device Going Process 
12:39:44:198-[382b7803f3db] -total # record deleted 
{
  n: 0,
  opTime: {
    ts: Timestamp { _bsontype: 'Timestamp', low_: 1, high_: 1566563980 },
    t: 3
  },
  electionId: 7fffffff0000000000000003,
  ok: 1,
  operationTime: Timestamp { _bsontype: 'Timestamp', low_: 1, high_: 1566563980 },
  '$clusterTime': {
    clusterTime: Timestamp { _bsontype: 'Timestamp', low_: 1, high_: 1566563980 },
    signature: { hash: [Binary], keyId: [Long] }
  },
  deletedCount: 0
}
12:39:44:257-[382b7803f3db] - [14] - # of sensors associated with Device
12:39:47:256-[382b7803f3db] - [0] -  # of sensors with activity in the current period
12:39:47:258-[382b7803f3db] - [0] -  # of channels associated with Device 
12:39:47:259-[382b7803f3db] - [0]  DeviceIndex [6] -total # records - ready to insert 
12:39:47:261-[5ccf7f5a0481_112] - [1]  DeviceIndex [17] - This is Device Going Process 
12:39:47:585-[5ccf7f5a0481_112] -total # record deleted 
{
  n: 0,
  opTime: {
    ts: Timestamp { _bsontype: 'Timestamp', low_: 1, high_: 1566563980 },
    t: 3
  },
  electionId: 7fffffff0000000000000003,
  ok: 1,
  operationTime: Timestamp { _bsontype: 'Timestamp', low_: 1, high_: 1566563980 },
  '$clusterTime': {
    clusterTime: Timestamp { _bsontype: 'Timestamp', low_: 1, high_: 1566563980 },
    signature: { hash: [Binary], keyId: [Long] }
  },
  deletedCount: 0
}
12:39:47:838-[5ccf7f5a0481_112] - [10] - # of sensors associated with Device
12:39:50:066-[5ccf7f5a0481_112] - [0] -  # of sensors with activity in the current period
12:39:50:069-[5ccf7f5a0481_112] - [10] -  # of channels associated with Device 
12:39:52:248-[5ccf7f5a0481_112] - [0] - # of channels with activity in the current period 
12:39:52:250-[5ccf7f5a0481_112] - [0]  DeviceIndex [17] -total # records - ready to insert 
12:39:52:251-[5ccf7f5a0481_111] - [2]  DeviceIndex [12] - This is Device Going Process 
12:39:52:511-[5ccf7f5a0481_111] -total # record deleted 
{
  n: 0,
  opTime: {
    ts: Timestamp { _bsontype: 'Timestamp', low_: 1, high_: 1566563990 },
    t: 3
  },
  electionId: 7fffffff0000000000000003,
  ok: 1,
  operationTime: Timestamp { _bsontype: 'Timestamp', low_: 1, high_: 1566563990 },
  '$clusterTime': {
    clusterTime: Timestamp { _bsontype: 'Timestamp', low_: 1, high_: 1566563990 },
    signature: { hash: [Binary], keyId: [Long] }
  },
  deletedCount: 0
}
12:39:52:599-[5ccf7f5a0481_111] - [10] - # of sensors associated with Device
12:39:54:734-[5ccf7f5a0481_111] - [0] -  # of sensors with activity in the current period
12:39:54:736-[5ccf7f5a0481_111] - [9] -  # of channels associated with Device 
12:39:56:753-[5ccf7f5a0481_111] - [0] - # of channels with activity in the current period 
12:39:56:755-[5ccf7f5a0481_111] - [0]  DeviceIndex [12] -total # records - ready to insert 
12:39:56:756-[5ccf7f5a0481_110] - [3]  DeviceIndex [11] - This is Device Going Process 
12:39:56:918-[5ccf7f5a0481_110] -total # record deleted 
{
  n: 0,
  opTime: {
    ts: Timestamp { _bsontype: 'Timestamp', low_: 1, high_: 1566563990 },
    t: 3
  },
  electionId: 7fffffff0000000000000003,
  ok: 1,
  operationTime: Timestamp { _bsontype: 'Timestamp', low_: 1, high_: 1566563990 },
  '$clusterTime': {
    clusterTime: Timestamp { _bsontype: 'Timestamp', low_: 1, high_: 1566563990 },
    signature: { hash: [Binary], keyId: [Long] }
  },
  deletedCount: 0
}
12:39:56:965-[5ccf7f5a0481_110] - [10] - # of sensors associated with Device
12:39:59:062-[5ccf7f5a0481_110] - [0] -  # of sensors with activity in the current period
12:39:59:063-[5ccf7f5a0481_110] - [10] -  # of channels associated with Device 
12:40:01:374-[5ccf7f5a0481_110] - [0] - # of channels with activity in the current period 
12:40:01:376-[5ccf7f5a0481_110] - [0]  DeviceIndex [11] -total # records - ready to insert 
12:40:01:378-startTime [2019-08-19T09:30:00.000Z] endTime - [2019-08-19T10:30:00.000Z] - Date - [2019-08-19]  Hour - [15]  - going to process aggregation for this period.
12:40:01:439-[382b7803f3db] - [0]  DeviceIndex [6] - This is Device Going Process 
12:40:01:611-[382b7803f3db] -total # record deleted 
{
  n: 0,
  opTime: {
    ts: Timestamp { _bsontype: 'Timestamp', low_: 1, high_: 1566564000 },
    t: 3
  },
  electionId: 7fffffff0000000000000003,
  ok: 1,
  operationTime: Timestamp { _bsontype: 'Timestamp', low_: 1, high_: 1566564000 },
  '$clusterTime': {
    clusterTime: Timestamp { _bsontype: 'Timestamp', low_: 1, high_: 1566564000 },
    signature: { hash: [Binary], keyId: [Long] }
  },
  deletedCount: 0
}
12:40:01:699-[382b7803f3db] - [14] - # of sensors associated with Device
12:40:05:213-[382b7803f3db] - [0] -  # of sensors with activity in the current period
12:40:05:216-[382b7803f3db] - [0] -  # of channels associated with Device 
12:40:05:218-[382b7803f3db] - [0]  DeviceIndex [6] -total # records - ready to insert 
12:40:05:295-[5ccf7f5a0481_112] - [1]  DeviceIndex [17] - This is Device Going Process 
12:40:05:461-[5ccf7f5a0481_112] -total # record deleted 
{
  n: 0,
  opTime: {
    ts: Timestamp { _bsontype: 'Timestamp', low_: 1, high_: 1566564000 },
    t: 3
  },
  electionId: 7fffffff0000000000000003,
  ok: 1,
  operationTime: Timestamp { _bsontype: 'Timestamp', low_: 1, high_: 1566564000 },
  '$clusterTime': {
    clusterTime: Timestamp { _bsontype: 'Timestamp', low_: 1, high_: 1566564000 },
    signature: { hash: [Binary], keyId: [Long] }
  },
  deletedCount: 0
}
12:40:05:594-[5ccf7f5a0481_112] - [10] - # of sensors associated with Device
12:40:08:159-[5ccf7f5a0481_112] - [0] -  # of sensors with activity in the current period
12:40:08:161-[5ccf7f5a0481_112] - [10] -  # of channels associated with Device 
12:40:11:906-[5ccf7f5a0481_112] - [0] - # of channels with activity in the current period 
12:40:11:908-[5ccf7f5a0481_112] - [0]  DeviceIndex [17] -total # records - ready to insert 
12:40:11:911-[5ccf7f5a0481_111] - [2]  DeviceIndex [12] - This is Device Going Process 
12:40:12:217-[5ccf7f5a0481_111] -total # record deleted 
{
  n: 0,
  opTime: {
    ts: Timestamp { _bsontype: 'Timestamp', low_: 1, high_: 1566564010 },
    t: 3
  },
  electionId: 7fffffff0000000000000003,
  ok: 1,
  operationTime: Timestamp { _bsontype: 'Timestamp', low_: 1, high_: 1566564010 },
  '$clusterTime': {
    clusterTime: Timestamp { _bsontype: 'Timestamp', low_: 1, high_: 1566564010 },
    signature: { hash: [Binary], keyId: [Long] }
  },
  deletedCount: 0
}
12:40:12:323-[5ccf7f5a0481_111] - [10] - # of sensors associated with Device
12:40:15:292-[5ccf7f5a0481_111] - [0] -  # of sensors with activity in the current period
12:40:15:295-[5ccf7f5a0481_111] - [9] -  # of channels associated with Device 
12:40:17:317-[5ccf7f5a0481_111] - [0] - # of channels with activity in the current period 
12:40:17:322-[5ccf7f5a0481_111] - [0]  DeviceIndex [12] -total # records - ready to insert 
12:40:17:322-[5ccf7f5a0481_110] - [3]  DeviceIndex [11] - This is Device Going Process 
12:40:17:493-[5ccf7f5a0481_110] -total # record deleted 
{
  n: 0,
  opTime: {
    ts: Timestamp { _bsontype: 'Timestamp', low_: 1, high_: 1566564010 },
    t: 3
  },
  electionId: 7fffffff0000000000000003,
  ok: 1,
  operationTime: Timestamp { _bsontype: 'Timestamp', low_: 1, high_: 1566564010 },
  '$clusterTime': {
    clusterTime: Timestamp { _bsontype: 'Timestamp', low_: 1, high_: 1566564010 },
    signature: { hash: [Binary], keyId: [Long] }
  },
  deletedCount: 0
}
12:40:17:950-[5ccf7f5a0481_110] - [10] - # of sensors associated with Device
12:40:20:214-[5ccf7f5a0481_110] - [0] -  # of sensors with activity in the current period
12:40:20:216-[5ccf7f5a0481_110] - [10] -  # of channels associated with Device 
12:40:22:409-[5ccf7f5a0481_110] - [0] - # of channels with activity in the current period 
12:40:22:410-[5ccf7f5a0481_110] - [0]  DeviceIndex [11] -total # records - ready to insert 
12:40:22:410-startTime [2019-08-19T10:30:00.000Z] endTime - [2019-08-19T11:30:00.000Z] - Date - [2019-08-19]  Hour - [16]  - going to process aggregation for this period.
12:40:22:412-[382b7803f3db] - [0]  DeviceIndex [6] - This is Device Going Process 
12:40:22:575-[382b7803f3db] -total # record deleted 
{
  n: 0,
  opTime: {
    ts: Timestamp { _bsontype: 'Timestamp', low_: 1, high_: 1566564020 },
    t: 3
  },
  electionId: 7fffffff0000000000000003,
  ok: 1,
  operationTime: Timestamp { _bsontype: 'Timestamp', low_: 1, high_: 1566564020 },
  '$clusterTime': {
    clusterTime: Timestamp { _bsontype: 'Timestamp', low_: 1, high_: 1566564020 },
    signature: { hash: [Binary], keyId: [Long] }
  },
  deletedCount: 0
}
12:40:22:580-[382b7803f3db] - [14] - # of sensors associated with Device
12:40:25:537-[382b7803f3db] - [0] -  # of sensors with activity in the current period
12:40:25:538-[382b7803f3db] - [0] -  # of channels associated with Device 
12:40:25:540-[382b7803f3db] - [0]  DeviceIndex [6] -total # records - ready to insert 
12:40:25:541-[5ccf7f5a0481_112] - [1]  DeviceIndex [17] - This is Device Going Process 
12:40:25:750-[5ccf7f5a0481_112] -total # record deleted 
{
  n: 0,
  opTime: {
    ts: Timestamp { _bsontype: 'Timestamp', low_: 1, high_: 1566564020 },
    t: 3
  },
  electionId: 7fffffff0000000000000003,
  ok: 1,
  operationTime: Timestamp { _bsontype: 'Timestamp', low_: 1, high_: 1566564020 },
  '$clusterTime': {
    clusterTime: Timestamp { _bsontype: 'Timestamp', low_: 1, high_: 1566564020 },
    signature: { hash: [Binary], keyId: [Long] }
  },
  deletedCount: 0
}
12:40:25:820-[5ccf7f5a0481_112] - [10] - # of sensors associated with Device
12:40:27:946-[5ccf7f5a0481_112] - [0] -  # of sensors with activity in the current period
12:40:27:986-[5ccf7f5a0481_112] - [10] -  # of channels associated with Device 
12:40:30:685-[5ccf7f5a0481_112] - [0] - # of channels with activity in the current period 
12:40:30:687-[5ccf7f5a0481_112] - [0]  DeviceIndex [17] -total # records - ready to insert 
12:40:30:689-[5ccf7f5a0481_111] - [2]  DeviceIndex [12] - This is Device Going Process 
12:40:30:856-[5ccf7f5a0481_111] -total # record deleted 
{
  n: 0,
  opTime: {
    ts: Timestamp { _bsontype: 'Timestamp', low_: 1, high_: 1566564020 },
    t: 3
  },
  electionId: 7fffffff0000000000000003,
  ok: 1,
  operationTime: Timestamp { _bsontype: 'Timestamp', low_: 1, high_: 1566564020 },
  '$clusterTime': {
    clusterTime: Timestamp { _bsontype: 'Timestamp', low_: 1, high_: 1566564020 },
    signature: { hash: [Binary], keyId: [Long] }
  },
  deletedCount: 0
}
12:40:30:876-[5ccf7f5a0481_111] - [10] - # of sensors associated with Device
12:40:33:021-[5ccf7f5a0481_111] - [0] -  # of sensors with activity in the current period
12:40:33:036-[5ccf7f5a0481_111] - [9] -  # of channels associated with Device 
12:40:35:053-[5ccf7f5a0481_111] - [0] - # of channels with activity in the current period 
12:40:35:055-[5ccf7f5a0481_111] - [0]  DeviceIndex [12] -total # records - ready to insert 
12:40:35:057-[5ccf7f5a0481_110] - [3]  DeviceIndex [11] - This is Device Going Process 
12:40:35:230-[5ccf7f5a0481_110] -total # record deleted 
{
  n: 0,
  opTime: {
    ts: Timestamp { _bsontype: 'Timestamp', low_: 1, high_: 1566564030 },
    t: 3
  },
  electionId: 7fffffff0000000000000003,
  ok: 1,
  operationTime: Timestamp { _bsontype: 'Timestamp', low_: 1, high_: 1566564030 },
  '$clusterTime': {
    clusterTime: Timestamp { _bsontype: 'Timestamp', low_: 1, high_: 1566564030 },
    signature: { hash: [Binary], keyId: [Long] }
  },
  deletedCount: 0
}
12:40:35:238-[5ccf7f5a0481_110] - [10] - # of sensors associated with Device
12:40:39:036-[5ccf7f5a0481_110] - [0] -  # of sensors with activity in the current period
12:40:39:038-[5ccf7f5a0481_110] - [10] -  # of channels associated with Device 
12:40:41:274-[5ccf7f5a0481_110] - [0] - # of channels with activity in the current period 
12:40:41:276-[5ccf7f5a0481_110] - [0]  DeviceIndex [11] -total # records - ready to insert 
12:40:41:278-startTime [2019-08-19T11:30:00.000Z] endTime - [2019-08-19T12:30:00.000Z] - Date - [2019-08-19]  Hour - [17]  - going to process aggregation for this period.
12:40:41:279-[382b7803f3db] - [0]  DeviceIndex [6] - This is Device Going Process 
12:40:41:452-[382b7803f3db] -total # record deleted 
{
  n: 0,
  opTime: {
    ts: Timestamp { _bsontype: 'Timestamp', low_: 1, high_: 1566564040 },
    t: 3
  },
  electionId: 7fffffff0000000000000003,
  ok: 1,
  operationTime: Timestamp { _bsontype: 'Timestamp', low_: 1, high_: 1566564040 },
  '$clusterTime': {
    clusterTime: Timestamp { _bsontype: 'Timestamp', low_: 1, high_: 1566564040 },
    signature: { hash: [Binary], keyId: [Long] }
  },
  deletedCount: 0
}
12:40:41:469-[382b7803f3db] - [14] - # of sensors associated with Device
12:40:45:364-[382b7803f3db] - [0] -  # of sensors with activity in the current period
12:40:45:366-[382b7803f3db] - [0] -  # of channels associated with Device 
12:40:45:367-[382b7803f3db] - [0]  DeviceIndex [6] -total # records - ready to insert 
12:40:45:369-[5ccf7f5a0481_112] - [1]  DeviceIndex [17] - This is Device Going Process 
12:40:45:541-[5ccf7f5a0481_112] -total # record deleted 
{
  n: 0,
  opTime: {
    ts: Timestamp { _bsontype: 'Timestamp', low_: 1, high_: 1566564040 },
    t: 3
  },
  electionId: 7fffffff0000000000000003,
  ok: 1,
  operationTime: Timestamp { _bsontype: 'Timestamp', low_: 1, high_: 1566564040 },
  '$clusterTime': {
    clusterTime: Timestamp { _bsontype: 'Timestamp', low_: 1, high_: 1566564040 },
    signature: { hash: [Binary], keyId: [Long] }
  },
  deletedCount: 0
}
12:40:45:549-[5ccf7f5a0481_112] - [10] - # of sensors associated with Device
12:40:47:648-[5ccf7f5a0481_112] - [0] -  # of sensors with activity in the current period
12:40:47:651-[5ccf7f5a0481_112] - [10] -  # of channels associated with Device 
12:40:49:895-[5ccf7f5a0481_112] - [0] - # of channels with activity in the current period 
12:40:49:897-[5ccf7f5a0481_112] - [0]  DeviceIndex [17] -total # records - ready to insert 
12:40:49:898-[5ccf7f5a0481_111] - [2]  DeviceIndex [12] - This is Device Going Process 
12:40:50:074-[5ccf7f5a0481_111] -total # record deleted 
{
  n: 0,
  opTime: {
    ts: Timestamp { _bsontype: 'Timestamp', low_: 1, high_: 1566564040 },
    t: 3
  },
  electionId: 7fffffff0000000000000003,
  ok: 1,
  operationTime: Timestamp { _bsontype: 'Timestamp', low_: 1, high_: 1566564040 },
  '$clusterTime': {
    clusterTime: Timestamp { _bsontype: 'Timestamp', low_: 1, high_: 1566564040 },
    signature: { hash: [Binary], keyId: [Long] }
  },
  deletedCount: 0
}
12:40:50:091-[5ccf7f5a0481_111] - [10] - # of sensors associated with Device
12:40:52:219-[5ccf7f5a0481_111] - [0] -  # of sensors with activity in the current period
12:40:52:240-[5ccf7f5a0481_111] - [9] -  # of channels associated with Device 
12:40:54:797-[5ccf7f5a0481_111] - [0] - # of channels with activity in the current period 
12:40:54:800-[5ccf7f5a0481_111] - [0]  DeviceIndex [12] -total # records - ready to insert 
12:40:54:801-[5ccf7f5a0481_110] - [3]  DeviceIndex [11] - This is Device Going Process 
12:40:55:106-[5ccf7f5a0481_110] -total # record deleted 
{
  n: 0,
  opTime: {
    ts: Timestamp { _bsontype: 'Timestamp', low_: 1, high_: 1566564050 },
    t: 3
  },
  electionId: 7fffffff0000000000000003,
  ok: 1,
  operationTime: Timestamp { _bsontype: 'Timestamp', low_: 1, high_: 1566564050 },
  '$clusterTime': {
    clusterTime: Timestamp { _bsontype: 'Timestamp', low_: 1, high_: 1566564050 },
    signature: { hash: [Binary], keyId: [Long] }
  },
  deletedCount: 0
}
12:40:55:117-[5ccf7f5a0481_110] - [10] - # of sensors associated with Device
12:40:58:115-[5ccf7f5a0481_110] - [0] -  # of sensors with activity in the current period
12:40:58:117-[5ccf7f5a0481_110] - [10] -  # of channels associated with Device 
12:41:00:390-[5ccf7f5a0481_110] - [0] - # of channels with activity in the current period 
12:41:00:393-[5ccf7f5a0481_110] - [0]  DeviceIndex [11] -total # records - ready to insert 
12:41:00:394-startTime [2019-08-19T12:30:00.000Z] endTime - [2019-08-19T13:30:00.000Z] - Date - [2019-08-19]  Hour - [18]  - going to process aggregation for this period.
12:41:00:395-[382b7803f3db] - [0]  DeviceIndex [6] - This is Device Going Process 
12:41:00:566-[382b7803f3db] -total # record deleted 
{
  n: 0,
  opTime: {
    ts: Timestamp { _bsontype: 'Timestamp', low_: 1, high_: 1566564050 },
    t: 3
  },
  electionId: 7fffffff0000000000000003,
  ok: 1,
  operationTime: Timestamp { _bsontype: 'Timestamp', low_: 1, high_: 1566564050 },
  '$clusterTime': {
    clusterTime: Timestamp { _bsontype: 'Timestamp', low_: 1, high_: 1566564050 },
    signature: { hash: [Binary], keyId: [Long] }
  },
  deletedCount: 0
}
12:41:00:582-[382b7803f3db] - [14] - # of sensors associated with Device
12:41:03:632-[382b7803f3db] - [0] -  # of sensors with activity in the current period
12:41:03:634-[382b7803f3db] - [0] -  # of channels associated with Device 
12:41:03:636-[382b7803f3db] - [0]  DeviceIndex [6] -total # records - ready to insert 
12:41:03:637-[5ccf7f5a0481_112] - [1]  DeviceIndex [17] - This is Device Going Process 
12:41:03:822-[5ccf7f5a0481_112] -total # record deleted 
{
  n: 0,
  opTime: {
    ts: Timestamp { _bsontype: 'Timestamp', low_: 1, high_: 1566564060 },
    t: 3
  },
  electionId: 7fffffff0000000000000003,
  ok: 1,
  operationTime: Timestamp { _bsontype: 'Timestamp', low_: 1, high_: 1566564060 },
  '$clusterTime': {
    clusterTime: Timestamp { _bsontype: 'Timestamp', low_: 1, high_: 1566564060 },
    signature: { hash: [Binary], keyId: [Long] }
  },
  deletedCount: 0
}
12:41:03:838-[5ccf7f5a0481_112] - [10] - # of sensors associated with Device
12:41:06:013-[5ccf7f5a0481_112] - [0] -  # of sensors with activity in the current period
12:41:06:015-[5ccf7f5a0481_112] - [10] -  # of channels associated with Device 
12:41:08:245-[5ccf7f5a0481_112] - [0] - # of channels with activity in the current period 
12:41:08:247-[5ccf7f5a0481_112] - [0]  DeviceIndex [17] -total # records - ready to insert 
12:41:08:248-[5ccf7f5a0481_111] - [2]  DeviceIndex [12] - This is Device Going Process 
12:41:08:412-[5ccf7f5a0481_111] -total # record deleted 
{
  n: 0,
  opTime: {
    ts: Timestamp { _bsontype: 'Timestamp', low_: 1, high_: 1566564060 },
    t: 3
  },
  electionId: 7fffffff0000000000000003,
  ok: 1,
  operationTime: Timestamp { _bsontype: 'Timestamp', low_: 1, high_: 1566564060 },
  '$clusterTime': {
    clusterTime: Timestamp { _bsontype: 'Timestamp', low_: 1, high_: 1566564060 },
    signature: { hash: [Binary], keyId: [Long] }
  },
  deletedCount: 0
}
12:41:08:428-[5ccf7f5a0481_111] - [10] - # of sensors associated with Device
12:41:10:620-[5ccf7f5a0481_111] - [0] -  # of sensors with activity in the current period
12:41:10:623-[5ccf7f5a0481_111] - [9] -  # of channels associated with Device 
12:41:12:591-[5ccf7f5a0481_111] - [0] - # of channels with activity in the current period 
12:41:12:594-[5ccf7f5a0481_111] - [0]  DeviceIndex [12] -total # records - ready to insert 
12:41:12:595-[5ccf7f5a0481_110] - [3]  DeviceIndex [11] - This is Device Going Process 
12:41:12:763-[5ccf7f5a0481_110] -total # record deleted 
{
  n: 0,
  opTime: {
    ts: Timestamp { _bsontype: 'Timestamp', low_: 1, high_: 1566564070 },
    t: 3
  },
  electionId: 7fffffff0000000000000003,
  ok: 1,
  operationTime: Timestamp { _bsontype: 'Timestamp', low_: 1, high_: 1566564070 },
  '$clusterTime': {
    clusterTime: Timestamp { _bsontype: 'Timestamp', low_: 1, high_: 1566564070 },
    signature: { hash: [Binary], keyId: [Long] }
  },
  deletedCount: 0
}
12:41:12:778-[5ccf7f5a0481_110] - [10] - # of sensors associated with Device
12:41:15:403-[5ccf7f5a0481_110] - [0] -  # of sensors with activity in the current period
12:41:15:405-[5ccf7f5a0481_110] - [10] -  # of channels associated with Device 
12:41:17:568-[5ccf7f5a0481_110] - [0] - # of channels with activity in the current period 
12:41:17:570-[5ccf7f5a0481_110] - [0]  DeviceIndex [11] -total # records - ready to insert 
12:41:17:572-startTime [2019-08-19T13:30:00.000Z] endTime - [2019-08-19T14:30:00.000Z] - Date - [2019-08-19]  Hour - [19]  - going to process aggregation for this period.
12:41:17:573-[382b7803f3db] - [0]  DeviceIndex [6] - This is Device Going Process 
12:41:17:740-[382b7803f3db] -total # record deleted 
{
  n: 0,
  opTime: {
    ts: Timestamp { _bsontype: 'Timestamp', low_: 1, high_: 1566564070 },
    t: 3
  },
  electionId: 7fffffff0000000000000003,
  ok: 1,
  operationTime: Timestamp { _bsontype: 'Timestamp', low_: 1, high_: 1566564070 },
  '$clusterTime': {
    clusterTime: Timestamp { _bsontype: 'Timestamp', low_: 1, high_: 1566564070 },
    signature: { hash: [Binary], keyId: [Long] }
  },
  deletedCount: 0
}
12:41:17:755-[382b7803f3db] - [14] - # of sensors associated with Device
12:41:21:382-[382b7803f3db] - [0] -  # of sensors with activity in the current period
12:41:21:384-[382b7803f3db] - [0] -  # of channels associated with Device 
12:41:21:386-[382b7803f3db] - [0]  DeviceIndex [6] -total # records - ready to insert 
12:41:21:388-[5ccf7f5a0481_112] - [1]  DeviceIndex [17] - This is Device Going Process 
12:41:21:559-[5ccf7f5a0481_112] -total # record deleted 
{
  n: 0,
  opTime: {
    ts: Timestamp { _bsontype: 'Timestamp', low_: 1, high_: 1566564080 },
    t: 3
  },
  electionId: 7fffffff0000000000000003,
  ok: 1,
  operationTime: Timestamp { _bsontype: 'Timestamp', low_: 1, high_: 1566564080 },
  '$clusterTime': {
    clusterTime: Timestamp { _bsontype: 'Timestamp', low_: 1, high_: 1566564080 },
    signature: { hash: [Binary], keyId: [Long] }
  },
  deletedCount: 0
}
12:41:21:574-[5ccf7f5a0481_112] - [10] - # of sensors associated with Device
12:41:23:783-[5ccf7f5a0481_112] - [0] -  # of sensors with activity in the current period
12:41:23:785-[5ccf7f5a0481_112] - [10] -  # of channels associated with Device 
12:41:26:223-[5ccf7f5a0481_112] - [0] - # of channels with activity in the current period 
12:41:26:225-[5ccf7f5a0481_112] - [0]  DeviceIndex [17] -total # records - ready to insert 
12:41:26:226-[5ccf7f5a0481_111] - [2]  DeviceIndex [12] - This is Device Going Process 
12:41:26:392-[5ccf7f5a0481_111] -total # record deleted 
{
  n: 0,
  opTime: {
    ts: Timestamp { _bsontype: 'Timestamp', low_: 1, high_: 1566564080 },
    t: 3
  },
  electionId: 7fffffff0000000000000003,
  ok: 1,
  operationTime: Timestamp { _bsontype: 'Timestamp', low_: 1, high_: 1566564080 },
  '$clusterTime': {
    clusterTime: Timestamp { _bsontype: 'Timestamp', low_: 1, high_: 1566564080 },
    signature: { hash: [Binary], keyId: [Long] }
  },
  deletedCount: 0
}
12:41:26:407-[5ccf7f5a0481_111] - [10] - # of sensors associated with Device
12:41:28:581-[5ccf7f5a0481_111] - [0] -  # of sensors with activity in the current period
12:41:28:583-[5ccf7f5a0481_111] - [9] -  # of channels associated with Device 
12:41:30:693-[5ccf7f5a0481_111] - [0] - # of channels with activity in the current period 
12:41:30:695-[5ccf7f5a0481_111] - [0]  DeviceIndex [12] -total # records - ready to insert 
12:41:30:697-[5ccf7f5a0481_110] - [3]  DeviceIndex [11] - This is Device Going Process 
12:41:30:869-[5ccf7f5a0481_110] -total # record deleted 
{
  n: 0,
  opTime: {
    ts: Timestamp { _bsontype: 'Timestamp', low_: 1, high_: 1566564080 },
    t: 3
  },
  electionId: 7fffffff0000000000000003,
  ok: 1,
  operationTime: Timestamp { _bsontype: 'Timestamp', low_: 1, high_: 1566564080 },
  '$clusterTime': {
    clusterTime: Timestamp { _bsontype: 'Timestamp', low_: 1, high_: 1566564080 },
    signature: { hash: [Binary], keyId: [Long] }
  },
  deletedCount: 0
}
12:41:30:887-[5ccf7f5a0481_110] - [10] - # of sensors associated with Device
12:41:33:780-[5ccf7f5a0481_110] - [0] -  # of sensors with activity in the current period
12:41:33:782-[5ccf7f5a0481_110] - [10] -  # of channels associated with Device 
12:41:36:997-[5ccf7f5a0481_110] - [0] - # of channels with activity in the current period 
12:41:36:999-[5ccf7f5a0481_110] - [0]  DeviceIndex [11] -total # records - ready to insert 
12:41:37:000-startTime [2019-08-19T14:30:00.000Z] endTime - [2019-08-19T15:30:00.000Z] - Date - [2019-08-19]  Hour - [20]  - going to process aggregation for this period.
12:41:37:001-[382b7803f3db] - [0]  DeviceIndex [6] - This is Device Going Process 
12:41:37:167-[382b7803f3db] -total # record deleted 
{
  n: 0,
  opTime: {
    ts: Timestamp { _bsontype: 'Timestamp', low_: 1, high_: 1566564090 },
    t: 3
  },
  electionId: 7fffffff0000000000000003,
  ok: 1,
  operationTime: Timestamp { _bsontype: 'Timestamp', low_: 1, high_: 1566564090 },
  '$clusterTime': {
    clusterTime: Timestamp { _bsontype: 'Timestamp', low_: 1, high_: 1566564090 },
    signature: { hash: [Binary], keyId: [Long] }
  },
  deletedCount: 0
}
12:41:37:177-[382b7803f3db] - [14] - # of sensors associated with Device
12:41:40:234-[382b7803f3db] - [0] -  # of sensors with activity in the current period
12:41:40:237-[382b7803f3db] - [0] -  # of channels associated with Device 
12:41:40:239-[382b7803f3db] - [0]  DeviceIndex [6] -total # records - ready to insert 
12:41:40:240-[5ccf7f5a0481_112] - [1]  DeviceIndex [17] - This is Device Going Process 
12:41:40:413-[5ccf7f5a0481_112] -total # record deleted 
{
  n: 0,
  opTime: {
    ts: Timestamp { _bsontype: 'Timestamp', low_: 1, high_: 1566564090 },
    t: 3
  },
  electionId: 7fffffff0000000000000003,
  ok: 1,
  operationTime: Timestamp { _bsontype: 'Timestamp', low_: 1, high_: 1566564090 },
  '$clusterTime': {
    clusterTime: Timestamp { _bsontype: 'Timestamp', low_: 1, high_: 1566564090 },
    signature: { hash: [Binary], keyId: [Long] }
  },
  deletedCount: 0
}
12:41:40:428-[5ccf7f5a0481_112] - [10] - # of sensors associated with Device
12:41:42:766-[5ccf7f5a0481_112] - [0] -  # of sensors with activity in the current period
12:41:42:768-[5ccf7f5a0481_112] - [10] -  # of channels associated with Device 
12:41:48:728-[5ccf7f5a0481_112] - [0] - # of channels with activity in the current period 
12:41:48:730-[5ccf7f5a0481_112] - [0]  DeviceIndex [17] -total # records - ready to insert 
12:41:48:732-[5ccf7f5a0481_111] - [2]  DeviceIndex [12] - This is Device Going Process 
12:41:48:896-[5ccf7f5a0481_111] -total # record deleted 
{
  n: 0,
  opTime: {
    ts: Timestamp { _bsontype: 'Timestamp', low_: 1, high_: 1566564100 },
    t: 3
  },
  electionId: 7fffffff0000000000000003,
  ok: 1,
  operationTime: Timestamp { _bsontype: 'Timestamp', low_: 1, high_: 1566564100 },
  '$clusterTime': {
    clusterTime: Timestamp { _bsontype: 'Timestamp', low_: 1, high_: 1566564100 },
    signature: { hash: [Binary], keyId: [Long] }
  },
  deletedCount: 0
}
12:41:48:913-[5ccf7f5a0481_111] - [10] - # of sensors associated with Device
12:41:52:033-[5ccf7f5a0481_111] - [0] -  # of sensors with activity in the current period
12:41:52:035-[5ccf7f5a0481_111] - [9] -  # of channels associated with Device 
12:41:54:888-[5ccf7f5a0481_111] - [0] - # of channels with activity in the current period 
12:41:54:889-[5ccf7f5a0481_111] - [0]  DeviceIndex [12] -total # records - ready to insert 
12:41:54:891-[5ccf7f5a0481_110] - [3]  DeviceIndex [11] - This is Device Going Process 
12:41:55:063-[5ccf7f5a0481_110] -total # record deleted 
{
  n: 0,
  opTime: {
    ts: Timestamp { _bsontype: 'Timestamp', low_: 1, high_: 1566564110 },
    t: 3
  },
  electionId: 7fffffff0000000000000003,
  ok: 1,
  operationTime: Timestamp { _bsontype: 'Timestamp', low_: 1, high_: 1566564110 },
  '$clusterTime': {
    clusterTime: Timestamp { _bsontype: 'Timestamp', low_: 1, high_: 1566564110 },
    signature: { hash: [Binary], keyId: [Long] }
  },
  deletedCount: 0
}
12:41:55:072-[5ccf7f5a0481_110] - [10] - # of sensors associated with Device
12:41:57:182-[5ccf7f5a0481_110] - [0] -  # of sensors with activity in the current period
12:41:57:184-[5ccf7f5a0481_110] - [10] -  # of channels associated with Device 
12:41:59:355-[5ccf7f5a0481_110] - [0] - # of channels with activity in the current period 
12:41:59:366-[5ccf7f5a0481_110] - [0]  DeviceIndex [11] -total # records - ready to insert 
12:41:59:368-startTime [2019-08-19T15:30:00.000Z] endTime - [2019-08-19T16:30:00.000Z] - Date - [2019-08-19]  Hour - [21]  - going to process aggregation for this period.
12:41:59:368-[382b7803f3db] - [0]  DeviceIndex [6] - This is Device Going Process 
12:41:59:536-[382b7803f3db] -total # record deleted 
{
  n: 0,
  opTime: {
    ts: Timestamp { _bsontype: 'Timestamp', low_: 1, high_: 1566564110 },
    t: 3
  },
  electionId: 7fffffff0000000000000003,
  ok: 1,
  operationTime: Timestamp { _bsontype: 'Timestamp', low_: 1, high_: 1566564110 },
  '$clusterTime': {
    clusterTime: Timestamp { _bsontype: 'Timestamp', low_: 1, high_: 1566564110 },
    signature: { hash: [Binary], keyId: [Long] }
  },
  deletedCount: 0
}
12:41:59:545-[382b7803f3db] - [14] - # of sensors associated with Device
12:42:02:571-[382b7803f3db] - [0] -  # of sensors with activity in the current period
12:42:02:573-[382b7803f3db] - [0] -  # of channels associated with Device 
12:42:02:573-[382b7803f3db] - [0]  DeviceIndex [6] -total # records - ready to insert 
12:42:02:574-[5ccf7f5a0481_112] - [1]  DeviceIndex [17] - This is Device Going Process 
12:42:02:737-[5ccf7f5a0481_112] -total # record deleted 
{
  n: 0,
  opTime: {
    ts: Timestamp { _bsontype: 'Timestamp', low_: 1, high_: 1566564120 },
    t: 3
  },
  electionId: 7fffffff0000000000000003,
  ok: 1,
  operationTime: Timestamp { _bsontype: 'Timestamp', low_: 1, high_: 1566564120 },
  '$clusterTime': {
    clusterTime: Timestamp { _bsontype: 'Timestamp', low_: 1, high_: 1566564120 },
    signature: { hash: [Binary], keyId: [Long] }
  },
  deletedCount: 0
}
12:42:02:745-[5ccf7f5a0481_112] - [10] - # of sensors associated with Device
12:42:04:987-[5ccf7f5a0481_112] - [0] -  # of sensors with activity in the current period
12:42:04:990-[5ccf7f5a0481_112] - [10] -  # of channels associated with Device 
12:42:08:547-[5ccf7f5a0481_112] - [0] - # of channels with activity in the current period 
12:42:08:549-[5ccf7f5a0481_112] - [0]  DeviceIndex [17] -total # records - ready to insert 
12:42:08:550-[5ccf7f5a0481_111] - [2]  DeviceIndex [12] - This is Device Going Process 
12:42:08:722-[5ccf7f5a0481_111] -total # record deleted 
{
  n: 0,
  opTime: {
    ts: Timestamp { _bsontype: 'Timestamp', low_: 1, high_: 1566564120 },
    t: 3
  },
  electionId: 7fffffff0000000000000003,
  ok: 1,
  operationTime: Timestamp { _bsontype: 'Timestamp', low_: 1, high_: 1566564120 },
  '$clusterTime': {
    clusterTime: Timestamp { _bsontype: 'Timestamp', low_: 1, high_: 1566564120 },
    signature: { hash: [Binary], keyId: [Long] }
  },
  deletedCount: 0
}
12:42:08:731-[5ccf7f5a0481_111] - [10] - # of sensors associated with Device
12:42:10:885-[5ccf7f5a0481_111] - [0] -  # of sensors with activity in the current period
12:42:10:889-[5ccf7f5a0481_111] - [9] -  # of channels associated with Device 
12:42:12:917-[5ccf7f5a0481_111] - [0] - # of channels with activity in the current period 
12:42:12:918-[5ccf7f5a0481_111] - [0]  DeviceIndex [12] -total # records - ready to insert 
12:42:12:919-[5ccf7f5a0481_110] - [3]  DeviceIndex [11] - This is Device Going Process 
12:42:13:089-[5ccf7f5a0481_110] -total # record deleted 
{
  n: 0,
  opTime: {
    ts: Timestamp { _bsontype: 'Timestamp', low_: 1, high_: 1566564130 },
    t: 3
  },
  electionId: 7fffffff0000000000000003,
  ok: 1,
  operationTime: Timestamp { _bsontype: 'Timestamp', low_: 1, high_: 1566564130 },
  '$clusterTime': {
    clusterTime: Timestamp { _bsontype: 'Timestamp', low_: 1, high_: 1566564130 },
    signature: { hash: [Binary], keyId: [Long] }
  },
  deletedCount: 0
}
12:42:13:113-[5ccf7f5a0481_110] - [10] - # of sensors associated with Device
12:42:15:854-[5ccf7f5a0481_110] - [0] -  # of sensors with activity in the current period
12:42:15:856-[5ccf7f5a0481_110] - [10] -  # of channels associated with Device 
12:42:18:030-[5ccf7f5a0481_110] - [0] - # of channels with activity in the current period 
12:42:18:031-[5ccf7f5a0481_110] - [0]  DeviceIndex [11] -total # records - ready to insert 
12:42:18:033-startTime [2019-08-19T16:30:00.000Z] endTime - [2019-08-19T17:30:00.000Z] - Date - [2019-08-19]  Hour - [22]  - going to process aggregation for this period.
12:42:18:034-[382b7803f3db] - [0]  DeviceIndex [6] - This is Device Going Process 
12:42:18:199-[382b7803f3db] -total # record deleted 
{
  n: 0,
  opTime: {
    ts: Timestamp { _bsontype: 'Timestamp', low_: 1, high_: 1566564130 },
    t: 3
  },
  electionId: 7fffffff0000000000000003,
  ok: 1,
  operationTime: Timestamp { _bsontype: 'Timestamp', low_: 1, high_: 1566564130 },
  '$clusterTime': {
    clusterTime: Timestamp { _bsontype: 'Timestamp', low_: 1, high_: 1566564130 },
    signature: { hash: [Binary], keyId: [Long] }
  },
  deletedCount: 0
}
12:42:18:209-[382b7803f3db] - [14] - # of sensors associated with Device
12:42:21:320-[382b7803f3db] - [0] -  # of sensors with activity in the current period
12:42:21:321-[382b7803f3db] - [0] -  # of channels associated with Device 
12:42:21:322-[382b7803f3db] - [0]  DeviceIndex [6] -total # records - ready to insert 
12:42:21:323-[5ccf7f5a0481_112] - [1]  DeviceIndex [17] - This is Device Going Process 
12:42:21:514-[5ccf7f5a0481_112] -total # record deleted 
{
  n: 0,
  opTime: {
    ts: Timestamp { _bsontype: 'Timestamp', low_: 1, high_: 1566564140 },
    t: 3
  },
  electionId: 7fffffff0000000000000003,
  ok: 1,
  operationTime: Timestamp { _bsontype: 'Timestamp', low_: 1, high_: 1566564140 },
  '$clusterTime': {
    clusterTime: Timestamp { _bsontype: 'Timestamp', low_: 1, high_: 1566564140 },
    signature: { hash: [Binary], keyId: [Long] }
  },
  deletedCount: 0
}
12:42:21:523-[5ccf7f5a0481_112] - [10] - # of sensors associated with Device
12:42:23:663-[5ccf7f5a0481_112] - [0] -  # of sensors with activity in the current period
12:42:23:666-[5ccf7f5a0481_112] - [10] -  # of channels associated with Device 
12:42:25:857-[5ccf7f5a0481_112] - [0] - # of channels with activity in the current period 
12:42:25:859-[5ccf7f5a0481_112] - [0]  DeviceIndex [17] -total # records - ready to insert 
12:42:25:860-[5ccf7f5a0481_111] - [2]  DeviceIndex [12] - This is Device Going Process 
12:42:26:030-[5ccf7f5a0481_111] -total # record deleted 
{
  n: 0,
  opTime: {
    ts: Timestamp { _bsontype: 'Timestamp', low_: 1, high_: 1566564140 },
    t: 3
  },
  electionId: 7fffffff0000000000000003,
  ok: 1,
  operationTime: Timestamp { _bsontype: 'Timestamp', low_: 1, high_: 1566564140 },
  '$clusterTime': {
    clusterTime: Timestamp { _bsontype: 'Timestamp', low_: 1, high_: 1566564140 },
    signature: { hash: [Binary], keyId: [Long] }
  },
  deletedCount: 0
}
12:42:26:043-[5ccf7f5a0481_111] - [10] - # of sensors associated with Device
12:42:28:163-[5ccf7f5a0481_111] - [0] -  # of sensors with activity in the current period
12:42:28:165-[5ccf7f5a0481_111] - [9] -  # of channels associated with Device 
12:42:30:187-[5ccf7f5a0481_111] - [0] - # of channels with activity in the current period 
12:42:30:189-[5ccf7f5a0481_111] - [0]  DeviceIndex [12] -total # records - ready to insert 
12:42:30:191-[5ccf7f5a0481_110] - [3]  DeviceIndex [11] - This is Device Going Process 
12:42:30:369-[5ccf7f5a0481_110] -total # record deleted 
{
  n: 0,
  opTime: {
    ts: Timestamp { _bsontype: 'Timestamp', low_: 1, high_: 1566564140 },
    t: 3
  },
  electionId: 7fffffff0000000000000003,
  ok: 1,
  operationTime: Timestamp { _bsontype: 'Timestamp', low_: 1, high_: 1566564140 },
  '$clusterTime': {
    clusterTime: Timestamp { _bsontype: 'Timestamp', low_: 1, high_: 1566564140 },
    signature: { hash: [Binary], keyId: [Long] }
  },
  deletedCount: 0
}
12:42:30:384-[5ccf7f5a0481_110] - [10] - # of sensors associated with Device
12:42:32:482-[5ccf7f5a0481_110] - [0] -  # of sensors with activity in the current period
12:42:32:484-[5ccf7f5a0481_110] - [10] -  # of channels associated with Device 
12:42:44:332-[5ccf7f5a0481_110] - [0] - # of channels with activity in the current period 
12:42:44:334-[5ccf7f5a0481_110] - [0]  DeviceIndex [11] -total # records - ready to insert 
12:42:44:336-startTime [2019-08-19T17:30:00.000Z] endTime - [2019-08-19T18:30:00.000Z] - Date - [2019-08-19]  Hour - [23]  - going to process aggregation for this period.
12:42:44:337-[382b7803f3db] - [0]  DeviceIndex [6] - This is Device Going Process 
12:42:44:512-[382b7803f3db] -total # record deleted 
{
  n: 0,
  opTime: {
    ts: Timestamp { _bsontype: 'Timestamp', low_: 1, high_: 1566564160 },
    t: 3
  },
  electionId: 7fffffff0000000000000003,
  ok: 1,
  operationTime: Timestamp { _bsontype: 'Timestamp', low_: 1, high_: 1566564160 },
  '$clusterTime': {
    clusterTime: Timestamp { _bsontype: 'Timestamp', low_: 1, high_: 1566564160 },
    signature: { hash: [Binary], keyId: [Long] }
  },
  deletedCount: 0
}
12:42:44:529-[382b7803f3db] - [14] - # of sensors associated with Device
12:42:47:527-[382b7803f3db] - [0] -  # of sensors with activity in the current period
12:42:47:529-[382b7803f3db] - [0] -  # of channels associated with Device 
12:42:47:530-[382b7803f3db] - [0]  DeviceIndex [6] -total # records - ready to insert 
12:42:47:530-[5ccf7f5a0481_112] - [1]  DeviceIndex [17] - This is Device Going Process 
12:42:47:703-[5ccf7f5a0481_112] -total # record deleted 
{
  n: 0,
  opTime: {
    ts: Timestamp { _bsontype: 'Timestamp', low_: 1, high_: 1566564160 },
    t: 3
  },
  electionId: 7fffffff0000000000000003,
  ok: 1,
  operationTime: Timestamp { _bsontype: 'Timestamp', low_: 1, high_: 1566564160 },
  '$clusterTime': {
    clusterTime: Timestamp { _bsontype: 'Timestamp', low_: 1, high_: 1566564160 },
    signature: { hash: [Binary], keyId: [Long] }
  },
  deletedCount: 0
}
12:42:47:723-[5ccf7f5a0481_112] - [10] - # of sensors associated with Device
12:42:49:863-[5ccf7f5a0481_112] - [0] -  # of sensors with activity in the current period
12:42:49:865-[5ccf7f5a0481_112] - [10] -  # of channels associated with Device 
12:42:52:105-[5ccf7f5a0481_112] - [0] - # of channels with activity in the current period 
12:42:52:107-[5ccf7f5a0481_112] - [0]  DeviceIndex [17] -total # records - ready to insert 
12:42:52:108-[5ccf7f5a0481_111] - [2]  DeviceIndex [12] - This is Device Going Process 
12:42:52:275-[5ccf7f5a0481_111] -total # record deleted 
{
  n: 0,
  opTime: {
    ts: Timestamp { _bsontype: 'Timestamp', low_: 1, high_: 1566564170 },
    t: 3
  },
  electionId: 7fffffff0000000000000003,
  ok: 1,
  operationTime: Timestamp { _bsontype: 'Timestamp', low_: 1, high_: 1566564170 },
  '$clusterTime': {
    clusterTime: Timestamp { _bsontype: 'Timestamp', low_: 1, high_: 1566564170 },
    signature: { hash: [Binary], keyId: [Long] }
  },
  deletedCount: 0
}
12:42:52:284-[5ccf7f5a0481_111] - [10] - # of sensors associated with Device
12:42:54:446-[5ccf7f5a0481_111] - [0] -  # of sensors with activity in the current period
12:42:54:453-[5ccf7f5a0481_111] - [9] -  # of channels associated with Device 
12:42:56:467-[5ccf7f5a0481_111] - [0] - # of channels with activity in the current period 
12:42:56:468-[5ccf7f5a0481_111] - [0]  DeviceIndex [12] -total # records - ready to insert 
12:42:56:469-[5ccf7f5a0481_110] - [3]  DeviceIndex [11] - This is Device Going Process 
12:42:56:641-[5ccf7f5a0481_110] -total # record deleted 
{
  n: 0,
  opTime: {
    ts: Timestamp { _bsontype: 'Timestamp', low_: 1, high_: 1566564170 },
    t: 3
  },
  electionId: 7fffffff0000000000000003,
  ok: 1,
  operationTime: Timestamp { _bsontype: 'Timestamp', low_: 1, high_: 1566564170 },
  '$clusterTime': {
    clusterTime: Timestamp { _bsontype: 'Timestamp', low_: 1, high_: 1566564170 },
    signature: { hash: [Binary], keyId: [Long] }
  },
  deletedCount: 0
}
12:42:56:650-[5ccf7f5a0481_110] - [10] - # of sensors associated with Device
12:42:58:773-[5ccf7f5a0481_110] - [0] -  # of sensors with activity in the current period
12:42:58:775-[5ccf7f5a0481_110] - [10] -  # of channels associated with Device 
12:43:00:998-[5ccf7f5a0481_110] - [0] - # of channels with activity in the current period 
12:43:00:999-[5ccf7f5a0481_110] - [0]  DeviceIndex [11] -total # records - ready to insert 
12:43:01:000-startTime [2019-08-19T18:30:00.000Z] endTime - [2019-08-19T19:30:00.000Z] - Date - [2019-08-20]  Hour - [0]  - going to process aggregation for this period.
12:43:01:001-[382b7803f3db] - [0]  DeviceIndex [6] - This is Device Going Process 
12:43:01:167-[382b7803f3db] -total # record deleted 
{
  n: 0,
  opTime: {
    ts: Timestamp { _bsontype: 'Timestamp', low_: 1, high_: 1566564180 },
    t: 3
  },
  electionId: 7fffffff0000000000000003,
  ok: 1,
  operationTime: Timestamp { _bsontype: 'Timestamp', low_: 1, high_: 1566564180 },
  '$clusterTime': {
    clusterTime: Timestamp { _bsontype: 'Timestamp', low_: 1, high_: 1566564180 },
    signature: { hash: [Binary], keyId: [Long] }
  },
  deletedCount: 0
}
12:43:01:177-[382b7803f3db] - [14] - # of sensors associated with Device
12:43:04:210-[382b7803f3db] - [0] -  # of sensors with activity in the current period
12:43:04:212-[382b7803f3db] - [0] -  # of channels associated with Device 
12:43:04:214-[382b7803f3db] - [0]  DeviceIndex [6] -total # records - ready to insert 
12:43:04:215-[5ccf7f5a0481_112] - [1]  DeviceIndex [17] - This is Device Going Process 
12:43:04:387-[5ccf7f5a0481_112] -total # record deleted 
{
  n: 0,
  opTime: {
    ts: Timestamp { _bsontype: 'Timestamp', low_: 2, high_: 1566564182 },
    t: 3
  },
  electionId: 7fffffff0000000000000003,
  ok: 1,
  operationTime: Timestamp { _bsontype: 'Timestamp', low_: 2, high_: 1566564182 },
  '$clusterTime': {
    clusterTime: Timestamp { _bsontype: 'Timestamp', low_: 2, high_: 1566564182 },
    signature: { hash: [Binary], keyId: [Long] }
  },
  deletedCount: 0
}
12:43:04:401-[5ccf7f5a0481_112] - [10] - # of sensors associated with Device
12:43:07:372-[5ccf7f5a0481_112] - [0] -  # of sensors with activity in the current period
12:43:07:374-[5ccf7f5a0481_112] - [10] -  # of channels associated with Device 
12:43:09:596-[5ccf7f5a0481_112] - [0] - # of channels with activity in the current period 
12:43:09:598-[5ccf7f5a0481_112] - [0]  DeviceIndex [17] -total # records - ready to insert 
12:43:09:600-[5ccf7f5a0481_111] - [2]  DeviceIndex [12] - This is Device Going Process 
12:43:09:771-[5ccf7f5a0481_111] -total # record deleted 
{
  n: 0,
  opTime: {
    ts: Timestamp { _bsontype: 'Timestamp', low_: 2, high_: 1566564182 },
    t: 3
  },
  electionId: 7fffffff0000000000000003,
  ok: 1,
  operationTime: Timestamp { _bsontype: 'Timestamp', low_: 2, high_: 1566564182 },
  '$clusterTime': {
    clusterTime: Timestamp { _bsontype: 'Timestamp', low_: 2, high_: 1566564182 },
    signature: { hash: [Binary], keyId: [Long] }
  },
  deletedCount: 0
}
12:43:09:780-[5ccf7f5a0481_111] - [10] - # of sensors associated with Device
12:43:11:942-[5ccf7f5a0481_111] - [0] -  # of sensors with activity in the current period
12:43:11:944-[5ccf7f5a0481_111] - [9] -  # of channels associated with Device 
12:43:13:925-[5ccf7f5a0481_111] - [0] - # of channels with activity in the current period 
12:43:13:926-[5ccf7f5a0481_111] - [0]  DeviceIndex [12] -total # records - ready to insert 
12:43:13:927-[5ccf7f5a0481_110] - [3]  DeviceIndex [11] - This is Device Going Process 
12:43:14:100-[5ccf7f5a0481_110] -total # record deleted 
{
  n: 0,
  opTime: {
    ts: Timestamp { _bsontype: 'Timestamp', low_: 2, high_: 1566564190 },
    t: 3
  },
  electionId: 7fffffff0000000000000003,
  ok: 1,
  operationTime: Timestamp { _bsontype: 'Timestamp', low_: 2, high_: 1566564190 },
  '$clusterTime': {
    clusterTime: Timestamp { _bsontype: 'Timestamp', low_: 2, high_: 1566564190 },
    signature: { hash: [Binary], keyId: [Long] }
  },
  deletedCount: 0
}
12:43:14:111-[5ccf7f5a0481_110] - [10] - # of sensors associated with Device
12:43:16:361-[5ccf7f5a0481_110] - [0] -  # of sensors with activity in the current period
12:43:16:362-[5ccf7f5a0481_110] - [10] -  # of channels associated with Device 
12:43:18:551-[5ccf7f5a0481_110] - [0] - # of channels with activity in the current period 
12:43:18:553-[5ccf7f5a0481_110] - [0]  DeviceIndex [11] -total # records - ready to insert 
12:43:18:554-startTime [2019-08-19T19:30:00.000Z] endTime - [2019-08-19T20:30:00.000Z] - Date - [2019-08-20]  Hour - [1]  - going to process aggregation for this period.
12:43:18:556-[382b7803f3db] - [0]  DeviceIndex [6] - This is Device Going Process 
12:43:18:731-[382b7803f3db] -total # record deleted 
{
  n: 0,
  opTime: {
    ts: Timestamp { _bsontype: 'Timestamp', low_: 2, high_: 1566564190 },
    t: 3
  },
  electionId: 7fffffff0000000000000003,
  ok: 1,
  operationTime: Timestamp { _bsontype: 'Timestamp', low_: 2, high_: 1566564190 },
  '$clusterTime': {
    clusterTime: Timestamp { _bsontype: 'Timestamp', low_: 2, high_: 1566564190 },
    signature: { hash: [Binary], keyId: [Long] }
  },
  deletedCount: 0
}
12:43:18:749-[382b7803f3db] - [14] - # of sensors associated with Device
12:43:21:763-[382b7803f3db] - [0] -  # of sensors with activity in the current period
12:43:21:765-[382b7803f3db] - [0] -  # of channels associated with Device 
12:43:21:767-[382b7803f3db] - [0]  DeviceIndex [6] -total # records - ready to insert 
12:43:21:768-[5ccf7f5a0481_112] - [1]  DeviceIndex [17] - This is Device Going Process 
12:43:21:938-[5ccf7f5a0481_112] -total # record deleted 
{
  n: 0,
  opTime: {
    ts: Timestamp { _bsontype: 'Timestamp', low_: 1, high_: 1566564200 },
    t: 3
  },
  electionId: 7fffffff0000000000000003,
  ok: 1,
  operationTime: Timestamp { _bsontype: 'Timestamp', low_: 1, high_: 1566564200 },
  '$clusterTime': {
    clusterTime: Timestamp { _bsontype: 'Timestamp', low_: 1, high_: 1566564200 },
    signature: { hash: [Binary], keyId: [Long] }
  },
  deletedCount: 0
}
12:43:21:947-[5ccf7f5a0481_112] - [10] - # of sensors associated with Device
12:43:28:900-[5ccf7f5a0481_112] - [0] -  # of sensors with activity in the current period
12:43:28:902-[5ccf7f5a0481_112] - [10] -  # of channels associated with Device 
12:43:31:174-[5ccf7f5a0481_112] - [0] - # of channels with activity in the current period 
12:43:31:176-[5ccf7f5a0481_112] - [0]  DeviceIndex [17] -total # records - ready to insert 
12:43:31:178-[5ccf7f5a0481_111] - [2]  DeviceIndex [12] - This is Device Going Process 
12:43:31:352-[5ccf7f5a0481_111] -total # record deleted 
{
  n: 0,
  opTime: {
    ts: Timestamp { _bsontype: 'Timestamp', low_: 1, high_: 1566564210 },
    t: 3
  },
  electionId: 7fffffff0000000000000003,
  ok: 1,
  operationTime: Timestamp { _bsontype: 'Timestamp', low_: 1, high_: 1566564210 },
  '$clusterTime': {
    clusterTime: Timestamp { _bsontype: 'Timestamp', low_: 1, high_: 1566564210 },
    signature: { hash: [Binary], keyId: [Long] }
  },
  deletedCount: 0
}
12:43:31:368-[5ccf7f5a0481_111] - [10] - # of sensors associated with Device
12:43:33:553-[5ccf7f5a0481_111] - [0] -  # of sensors with activity in the current period
12:43:33:555-[5ccf7f5a0481_111] - [9] -  # of channels associated with Device 
12:43:35:621-[5ccf7f5a0481_111] - [0] - # of channels with activity in the current period 
12:43:35:622-[5ccf7f5a0481_111] - [0]  DeviceIndex [12] -total # records - ready to insert 
12:43:35:623-[5ccf7f5a0481_110] - [3]  DeviceIndex [11] - This is Device Going Process 
12:43:35:792-[5ccf7f5a0481_110] -total # record deleted 
{
  n: 0,
  opTime: {
    ts: Timestamp { _bsontype: 'Timestamp', low_: 1, high_: 1566564210 },
    t: 3
  },
  electionId: 7fffffff0000000000000003,
  ok: 1,
  operationTime: Timestamp { _bsontype: 'Timestamp', low_: 1, high_: 1566564210 },
  '$clusterTime': {
    clusterTime: Timestamp { _bsontype: 'Timestamp', low_: 1, high_: 1566564210 },
    signature: { hash: [Binary], keyId: [Long] }
  },
  deletedCount: 0
}
12:43:35:799-[5ccf7f5a0481_110] - [10] - # of sensors associated with Device
12:43:37:947-[5ccf7f5a0481_110] - [0] -  # of sensors with activity in the current period
12:43:37:949-[5ccf7f5a0481_110] - [10] -  # of channels associated with Device 
12:43:40:185-[5ccf7f5a0481_110] - [0] - # of channels with activity in the current period 
12:43:40:187-[5ccf7f5a0481_110] - [0]  DeviceIndex [11] -total # records - ready to insert 
12:43:40:188-startTime [2019-08-19T20:30:00.000Z] endTime - [2019-08-19T21:30:00.000Z] - Date - [2019-08-20]  Hour - [2]  - going to process aggregation for this period.
12:43:40:190-[382b7803f3db] - [0]  DeviceIndex [6] - This is Device Going Process 
12:43:40:361-[382b7803f3db] -total # record deleted 
{
  n: 0,
  opTime: {
    ts: Timestamp { _bsontype: 'Timestamp', low_: 1, high_: 1566564210 },
    t: 3
  },
  electionId: 7fffffff0000000000000003,
  ok: 1,
  operationTime: Timestamp { _bsontype: 'Timestamp', low_: 1, high_: 1566564210 },
  '$clusterTime': {
    clusterTime: Timestamp { _bsontype: 'Timestamp', low_: 1, high_: 1566564210 },
    signature: { hash: [Binary], keyId: [Long] }
  },
  deletedCount: 0
}
12:43:40:376-[382b7803f3db] - [14] - # of sensors associated with Device
12:43:43:357-[382b7803f3db] - [0] -  # of sensors with activity in the current period
12:43:43:359-[382b7803f3db] - [0] -  # of channels associated with Device 
12:43:43:360-[382b7803f3db] - [0]  DeviceIndex [6] -total # records - ready to insert 
12:43:43:362-[5ccf7f5a0481_112] - [1]  DeviceIndex [17] - This is Device Going Process 
12:43:43:531-[5ccf7f5a0481_112] -total # record deleted 
{
  n: 0,
  opTime: {
    ts: Timestamp { _bsontype: 'Timestamp', low_: 1, high_: 1566564220 },
    t: 3
  },
  electionId: 7fffffff0000000000000003,
  ok: 1,
  operationTime: Timestamp { _bsontype: 'Timestamp', low_: 1, high_: 1566564220 },
  '$clusterTime': {
    clusterTime: Timestamp { _bsontype: 'Timestamp', low_: 1, high_: 1566564220 },
    signature: { hash: [Binary], keyId: [Long] }
  },
  deletedCount: 0
}
12:43:43:552-[5ccf7f5a0481_112] - [10] - # of sensors associated with Device
12:43:45:682-[5ccf7f5a0481_112] - [0] -  # of sensors with activity in the current period
12:43:45:684-[5ccf7f5a0481_112] - [10] -  # of channels associated with Device 
12:43:47:897-[5ccf7f5a0481_112] - [0] - # of channels with activity in the current period 
12:43:47:899-[5ccf7f5a0481_112] - [0]  DeviceIndex [17] -total # records - ready to insert 
12:43:47:901-[5ccf7f5a0481_111] - [2]  DeviceIndex [12] - This is Device Going Process 
12:43:48:081-[5ccf7f5a0481_111] -total # record deleted 
{
  n: 0,
  opTime: {
    ts: Timestamp { _bsontype: 'Timestamp', low_: 1, high_: 1566564220 },
    t: 3
  },
  electionId: 7fffffff0000000000000003,
  ok: 1,
  operationTime: Timestamp { _bsontype: 'Timestamp', low_: 1, high_: 1566564220 },
  '$clusterTime': {
    clusterTime: Timestamp { _bsontype: 'Timestamp', low_: 1, high_: 1566564220 },
    signature: { hash: [Binary], keyId: [Long] }
  },
  deletedCount: 0
}
12:43:48:092-[5ccf7f5a0481_111] - [10] - # of sensors associated with Device
12:43:50:236-[5ccf7f5a0481_111] - [0] -  # of sensors with activity in the current period
12:43:50:238-[5ccf7f5a0481_111] - [9] -  # of channels associated with Device 
12:43:52:229-[5ccf7f5a0481_111] - [0] - # of channels with activity in the current period 
12:43:52:231-[5ccf7f5a0481_111] - [0]  DeviceIndex [12] -total # records - ready to insert 
12:43:52:232-[5ccf7f5a0481_110] - [3]  DeviceIndex [11] - This is Device Going Process 
12:43:52:396-[5ccf7f5a0481_110] -total # record deleted 
{
  n: 0,
  opTime: {
    ts: Timestamp { _bsontype: 'Timestamp', low_: 1, high_: 1566564230 },
    t: 3
  },
  electionId: 7fffffff0000000000000003,
  ok: 1,
  operationTime: Timestamp { _bsontype: 'Timestamp', low_: 1, high_: 1566564230 },
  '$clusterTime': {
    clusterTime: Timestamp { _bsontype: 'Timestamp', low_: 1, high_: 1566564230 },
    signature: { hash: [Binary], keyId: [Long] }
  },
  deletedCount: 0
}
12:43:52:410-[5ccf7f5a0481_110] - [10] - # of sensors associated with Device
12:43:54:558-[5ccf7f5a0481_110] - [0] -  # of sensors with activity in the current period
12:43:54:561-[5ccf7f5a0481_110] - [10] -  # of channels associated with Device 
12:43:56:752-[5ccf7f5a0481_110] - [0] - # of channels with activity in the current period 
12:43:56:754-[5ccf7f5a0481_110] - [0]  DeviceIndex [11] -total # records - ready to insert 
12:43:56:755-startTime [2019-08-19T21:30:00.000Z] endTime - [2019-08-19T22:30:00.000Z] - Date - [2019-08-20]  Hour - [3]  - going to process aggregation for this period.
12:43:56:757-[382b7803f3db] - [0]  DeviceIndex [6] - This is Device Going Process 
12:43:56:930-[382b7803f3db] -total # record deleted 
{
  n: 0,
  opTime: {
    ts: Timestamp { _bsontype: 'Timestamp', low_: 1, high_: 1566564230 },
    t: 3
  },
  electionId: 7fffffff0000000000000003,
  ok: 1,
  operationTime: Timestamp { _bsontype: 'Timestamp', low_: 1, high_: 1566564230 },
  '$clusterTime': {
    clusterTime: Timestamp { _bsontype: 'Timestamp', low_: 1, high_: 1566564230 },
    signature: { hash: [Binary], keyId: [Long] }
  },
  deletedCount: 0
}
12:43:56:945-[382b7803f3db] - [14] - # of sensors associated with Device
12:43:59:948-[382b7803f3db] - [0] -  # of sensors with activity in the current period
12:43:59:951-[382b7803f3db] - [0] -  # of channels associated with Device 
12:43:59:952-[382b7803f3db] - [0]  DeviceIndex [6] -total # records - ready to insert 
12:43:59:954-[5ccf7f5a0481_112] - [1]  DeviceIndex [17] - This is Device Going Process 
12:44:00:124-[5ccf7f5a0481_112] -total # record deleted 
{
  n: 0,
  opTime: {
    ts: Timestamp { _bsontype: 'Timestamp', low_: 1, high_: 1566564230 },
    t: 3
  },
  electionId: 7fffffff0000000000000003,
  ok: 1,
  operationTime: Timestamp { _bsontype: 'Timestamp', low_: 1, high_: 1566564230 },
  '$clusterTime': {
    clusterTime: Timestamp { _bsontype: 'Timestamp', low_: 1, high_: 1566564230 },
    signature: { hash: [Binary], keyId: [Long] }
  },
  deletedCount: 0
}
12:44:00:140-[5ccf7f5a0481_112] - [10] - # of sensors associated with Device
12:44:02:260-[5ccf7f5a0481_112] - [0] -  # of sensors with activity in the current period
12:44:02:263-[5ccf7f5a0481_112] - [10] -  # of channels associated with Device 
12:44:04:454-[5ccf7f5a0481_112] - [0] - # of channels with activity in the current period 
12:44:04:456-[5ccf7f5a0481_112] - [0]  DeviceIndex [17] -total # records - ready to insert 
12:44:04:458-[5ccf7f5a0481_111] - [2]  DeviceIndex [12] - This is Device Going Process 
12:44:04:619-[5ccf7f5a0481_111] -total # record deleted 
{
  n: 0,
  opTime: {
    ts: Timestamp { _bsontype: 'Timestamp', low_: 1, high_: 1566564240 },
    t: 3
  },
  electionId: 7fffffff0000000000000003,
  ok: 1,
  operationTime: Timestamp { _bsontype: 'Timestamp', low_: 1, high_: 1566564240 },
  '$clusterTime': {
    clusterTime: Timestamp { _bsontype: 'Timestamp', low_: 1, high_: 1566564240 },
    signature: { hash: [Binary], keyId: [Long] }
  },
  deletedCount: 0
}
12:44:04:634-[5ccf7f5a0481_111] - [10] - # of sensors associated with Device
12:44:06:799-[5ccf7f5a0481_111] - [0] -  # of sensors with activity in the current period
12:44:06:802-[5ccf7f5a0481_111] - [9] -  # of channels associated with Device 
12:44:08:773-[5ccf7f5a0481_111] - [0] - # of channels with activity in the current period 
12:44:08:775-[5ccf7f5a0481_111] - [0]  DeviceIndex [12] -total # records - ready to insert 
12:44:08:776-[5ccf7f5a0481_110] - [3]  DeviceIndex [11] - This is Device Going Process 
12:44:08:943-[5ccf7f5a0481_110] -total # record deleted 
{
  n: 0,
  opTime: {
    ts: Timestamp { _bsontype: 'Timestamp', low_: 1, high_: 1566564240 },
    t: 3
  },
  electionId: 7fffffff0000000000000003,
  ok: 1,
  operationTime: Timestamp { _bsontype: 'Timestamp', low_: 1, high_: 1566564240 },
  '$clusterTime': {
    clusterTime: Timestamp { _bsontype: 'Timestamp', low_: 1, high_: 1566564240 },
    signature: { hash: [Binary], keyId: [Long] }
  },
  deletedCount: 0
}
12:44:08:973-[5ccf7f5a0481_110] - [10] - # of sensors associated with Device
12:44:11:061-[5ccf7f5a0481_110] - [0] -  # of sensors with activity in the current period
12:44:11:063-[5ccf7f5a0481_110] - [10] -  # of channels associated with Device 
12:44:13:281-[5ccf7f5a0481_110] - [0] - # of channels with activity in the current period 
12:44:13:282-[5ccf7f5a0481_110] - [0]  DeviceIndex [11] -total # records - ready to insert 
12:44:13:284-startTime [2019-08-19T22:30:00.000Z] endTime - [2019-08-19T23:30:00.000Z] - Date - [2019-08-20]  Hour - [4]  - going to process aggregation for this period.
12:44:13:285-[382b7803f3db] - [0]  DeviceIndex [6] - This is Device Going Process 
12:44:13:450-[382b7803f3db] -total # record deleted 
{
  n: 0,
  opTime: {
    ts: Timestamp { _bsontype: 'Timestamp', low_: 1, high_: 1566564250 },
    t: 3
  },
  electionId: 7fffffff0000000000000003,
  ok: 1,
  operationTime: Timestamp { _bsontype: 'Timestamp', low_: 1, high_: 1566564250 },
  '$clusterTime': {
    clusterTime: Timestamp { _bsontype: 'Timestamp', low_: 1, high_: 1566564250 },
    signature: { hash: [Binary], keyId: [Long] }
  },
  deletedCount: 0
}
12:44:13:461-[382b7803f3db] - [14] - # of sensors associated with Device
12:44:16:497-[382b7803f3db] - [0] -  # of sensors with activity in the current period
12:44:16:499-[382b7803f3db] - [0] -  # of channels associated with Device 
12:44:16:501-[382b7803f3db] - [0]  DeviceIndex [6] -total # records - ready to insert 
12:44:16:502-[5ccf7f5a0481_112] - [1]  DeviceIndex [17] - This is Device Going Process 
12:44:16:672-[5ccf7f5a0481_112] -total # record deleted 
{
  n: 0,
  opTime: {
    ts: Timestamp { _bsontype: 'Timestamp', low_: 1, high_: 1566564250 },
    t: 3
  },
  electionId: 7fffffff0000000000000003,
  ok: 1,
  operationTime: Timestamp { _bsontype: 'Timestamp', low_: 1, high_: 1566564250 },
  '$clusterTime': {
    clusterTime: Timestamp { _bsontype: 'Timestamp', low_: 1, high_: 1566564250 },
    signature: { hash: [Binary], keyId: [Long] }
  },
  deletedCount: 0
}
12:44:16:682-[5ccf7f5a0481_112] - [10] - # of sensors associated with Device
12:44:19:044-[5ccf7f5a0481_112] - [0] -  # of sensors with activity in the current period
12:44:19:045-[5ccf7f5a0481_112] - [10] -  # of channels associated with Device 
12:44:21:464-[5ccf7f5a0481_112] - [0] - # of channels with activity in the current period 
12:44:21:465-[5ccf7f5a0481_112] - [0]  DeviceIndex [17] -total # records - ready to insert 
12:44:21:467-[5ccf7f5a0481_111] - [2]  DeviceIndex [12] - This is Device Going Process 
12:44:21:648-[5ccf7f5a0481_111] -total # record deleted 
{
  n: 0,
  opTime: {
    ts: Timestamp { _bsontype: 'Timestamp', low_: 1, high_: 1566564260 },
    t: 3
  },
  electionId: 7fffffff0000000000000003,
  ok: 1,
  operationTime: Timestamp { _bsontype: 'Timestamp', low_: 1, high_: 1566564260 },
  '$clusterTime': {
    clusterTime: Timestamp { _bsontype: 'Timestamp', low_: 1, high_: 1566564260 },
    signature: { hash: [Binary], keyId: [Long] }
  },
  deletedCount: 0
}
12:44:21:658-[5ccf7f5a0481_111] - [10] - # of sensors associated with Device
12:44:24:407-[5ccf7f5a0481_111] - [0] -  # of sensors with activity in the current period
12:44:24:410-[5ccf7f5a0481_111] - [9] -  # of channels associated with Device 
12:44:26:954-[5ccf7f5a0481_111] - [0] - # of channels with activity in the current period 
12:44:26:956-[5ccf7f5a0481_111] - [0]  DeviceIndex [12] -total # records - ready to insert 
12:44:26:958-[5ccf7f5a0481_110] - [3]  DeviceIndex [11] - This is Device Going Process 
12:44:27:122-[5ccf7f5a0481_110] -total # record deleted 
{
  n: 0,
  opTime: {
    ts: Timestamp { _bsontype: 'Timestamp', low_: 1, high_: 1566564260 },
    t: 3
  },
  electionId: 7fffffff0000000000000003,
  ok: 1,
  operationTime: Timestamp { _bsontype: 'Timestamp', low_: 1, high_: 1566564260 },
  '$clusterTime': {
    clusterTime: Timestamp { _bsontype: 'Timestamp', low_: 1, high_: 1566564260 },
    signature: { hash: [Binary], keyId: [Long] }
  },
  deletedCount: 0
}
12:44:27:136-[5ccf7f5a0481_110] - [10] - # of sensors associated with Device
12:44:29:218-[5ccf7f5a0481_110] - [0] -  # of sensors with activity in the current period
12:44:29:221-[5ccf7f5a0481_110] - [10] -  # of channels associated with Device 
12:44:31:546-[5ccf7f5a0481_110] - [0] - # of channels with activity in the current period 
12:44:31:548-[5ccf7f5a0481_110] - [0]  DeviceIndex [11] -total # records - ready to insert 
12:44:31:549-This is End OF Aggregator Function
