13:02:49:331-This is clientID 
[
  {
    _id: 5ccbdaf4fb6fc00ed5a0033c,
    clientID: 'Desai-001',
    viewDashBoard: { deviceTypes: [Object] },
    activeDashBoard: { deviceTypes: [Object], OperatingForms: [Array] }
  }
]
13:02:49:352-This is ClientObj
{
  _id: 5ccbdaf4fb6fc00ed5a0033c,
  clientID: 'Desai-001',
  viewDashBoard: { deviceTypes: { deviceType1: [Array] } },
  activeDashBoard: {
    deviceTypes: { deviceType1: [Object] },
    OperatingForms: [ [Object], [Object], [Object] ]
  }
}
13:02:51:536-This is clientID 
[
  {
    _id: 5ccbdaf4fb6fc00ed5a0033c,
    clientID: 'Desai-001',
    viewDashBoard: { deviceTypes: [Object] },
    activeDashBoard: { deviceTypes: [Object], OperatingForms: [Array] }
  }
]
13:02:53:625-This Is key of identifire 1 Place
[
  '_id',
  'DeviceName',
  'mac',
  'assetId',
  'subCustCd',
  'roles',
  'deviceTemplate',
  'active',
  'sensors',
  'channel',
  'defaultGroupInfo',
  'deviceTypes'
]
13:02:53:775-This is key left in result
[ 'sensors', 'channel', 'deviceTypes' ]
13:02:53:778-This is json which i want send to front end
{
  sensors: [
    { devicebusinessNM: 'GH_Temperature', group: '1', Type: 'Sensor' },
    {
      devicebusinessNM: 'GH_Relative_Humidity',
      group: '1',
      Type: 'Sensor'
    },
    { devicebusinessNM: 'GH_CO2', group: '2', Type: 'Sensor' },
    { devicebusinessNM: 'GH_Luminescence', group: '2', Type: 'Sensor' },
    { devicebusinessNM: 'TDS', group: '2', Type: 'Sensor' },
    {
      devicebusinessNM: 'GH_Soil_Temperature',
      group: '2',
      Type: 'Sensor'
    },
    { devicebusinessNM: 'GH_Wind_Speed', group: '3', Type: 'Sensor' },
    { devicebusinessNM: 'GH_Rain_Sensor', group: '3', Type: 'Sensor' },
    {
      devicebusinessNM: 'External_Temperature',
      group: '3',
      Type: 'Sensor'
    },
    {
      devicebusinessNM: 'External_Humidity',
      group: '3',
      Type: 'Sensor'
    }
  ],
  channel: [
    { devicebusinessNM: 'GH_CO2V', group: '4', Type: 'Channel' },
    {
      devicebusinessNM: 'GH_Left_Curtain',
      group: '4',
      Type: 'Channel'
    },
    {
      devicebusinessNM: 'GH_Right_Curtain',
      group: '4',
      Type: 'Channel'
    },
    { devicebusinessNM: 'GH_Top_Curtain', group: '4', Type: 'Channel' },
    { devicebusinessNM: 'GH_Fan', group: '5', Type: 'Channel' },
    {
      devicebusinessNM: 'GH_Air_Circulation',
      group: '5',
      Type: 'Channel'
    },
    { devicebusinessNM: 'GH_Fog', group: '5', Type: 'Channel' },
    { devicebusinessNM: 'GH_Irrg_Pump', group: '5', Type: 'Channel' },
    {
      devicebusinessNM: 'GH_Irrig_Valve1',
      group: '6',
      Type: 'Channel'
    },
    {
      devicebusinessNM: 'GH_Irrig_Valve2',
      group: '6',
      Type: 'Channel'
    }
  ],
  deviceTypes: 'deviceType1',
  defaultGroupInfo: '1'
}
13:02:55:051-This is Log of Criteria for getdashboard 
{
  spCd: 'ASAGRISY',
  custCd: 'Desai',
  subCustCd: 'Desai-001',
  mac: '5ccf7f5a0481_110',
  'sensors.Sensor.GH_Temperature': { '$exists': true }
}
13:05:40:075-This Is key of identifire 1 Place
[
  '_id',
  'DeviceName',
  'mac',
  'assetId',
  'subCustCd',
  'roles',
  'deviceTemplate',
  'active',
  'sensors',
  'channel',
  'defaultGroupInfo',
  'deviceTypes'
]
13:05:40:266-This is key left in result
[ 'sensors', 'channel', 'deviceTypes' ]
13:05:40:269-This is json which i want send to front end
{
  sensors: [
    { devicebusinessNM: 'GH_Temperature', group: '1', Type: 'Sensor' },
    {
      devicebusinessNM: 'GH_Relative_Humidity',
      group: '1',
      Type: 'Sensor'
    },
    { devicebusinessNM: 'GH_CO2', group: '2', Type: 'Sensor' },
    { devicebusinessNM: 'GH_Luminescence', group: '2', Type: 'Sensor' },
    { devicebusinessNM: 'TDS', group: '2', Type: 'Sensor' },
    {
      devicebusinessNM: 'GH_Soil_Temperature',
      group: '2',
      Type: 'Sensor'
    },
    { devicebusinessNM: 'GH_Wind_Speed', group: '3', Type: 'Sensor' },
    { devicebusinessNM: 'GH_Rain_Sensor', group: '3', Type: 'Sensor' },
    {
      devicebusinessNM: 'External_Temperature',
      group: '3',
      Type: 'Sensor'
    },
    {
      devicebusinessNM: 'External_Humidity',
      group: '3',
      Type: 'Sensor'
    }
  ],
  channel: [
    { devicebusinessNM: 'GH_CO2V', group: '4', Type: 'Channel' },
    {
      devicebusinessNM: 'GH_Left_Curtain',
      group: '4',
      Type: 'Channel'
    },
    {
      devicebusinessNM: 'GH_Right_Curtain',
      group: '4',
      Type: 'Channel'
    },
    { devicebusinessNM: 'GH_Top_Curtain', group: '4', Type: 'Channel' },
    { devicebusinessNM: 'GH_Fan', group: '5', Type: 'Channel' },
    {
      devicebusinessNM: 'GH_Air_Circulation',
      group: '5',
      Type: 'Channel'
    },
    { devicebusinessNM: 'GH_Fog', group: '5', Type: 'Channel' },
    { devicebusinessNM: 'GH_Irrg_Pump', group: '5', Type: 'Channel' },
    {
      devicebusinessNM: 'GH_Irrig_Valve1',
      group: '6',
      Type: 'Channel'
    },
    {
      devicebusinessNM: 'GH_Irrig_Valve2',
      group: '6',
      Type: 'Channel'
    }
  ],
  deviceTypes: 'deviceType1',
  defaultGroupInfo: '1'
}
13:06:44:654-This Is key of identifire 1 Place
[
  '_id',
  'DeviceName',
  'mac',
  'assetId',
  'subCustCd',
  'roles',
  'deviceTemplate',
  'active',
  'sensors',
  'channel',
  'defaultGroupInfo',
  'deviceTypes'
]
13:06:44:775-This is key left in result
[ 'sensors', 'channel', 'deviceTypes' ]
13:06:44:777-This is json which i want send to front end
{
  sensors: [
    { devicebusinessNM: 'GH_Temperature', group: '1', Type: 'Sensor' },
    {
      devicebusinessNM: 'GH_Relative_Humidity',
      group: '1',
      Type: 'Sensor'
    },
    { devicebusinessNM: 'GH_CO2', group: '2', Type: 'Sensor' },
    { devicebusinessNM: 'GH_Luminescence', group: '2', Type: 'Sensor' },
    { devicebusinessNM: 'TDS', group: '2', Type: 'Sensor' },
    {
      devicebusinessNM: 'GH_Soil_Temperature',
      group: '2',
      Type: 'Sensor'
    },
    { devicebusinessNM: 'GH_Wind_Speed', group: '3', Type: 'Sensor' },
    { devicebusinessNM: 'GH_Rain_Sensor', group: '3', Type: 'Sensor' },
    {
      devicebusinessNM: 'External_Temperature',
      group: '3',
      Type: 'Sensor'
    },
    {
      devicebusinessNM: 'External_Humidity',
      group: '3',
      Type: 'Sensor'
    }
  ],
  channel: [
    { devicebusinessNM: 'GH_CO2V', group: '4', Type: 'Channel' },
    {
      devicebusinessNM: 'GH_Left_Curtain',
      group: '4',
      Type: 'Channel'
    },
    {
      devicebusinessNM: 'GH_Right_Curtain',
      group: '4',
      Type: 'Channel'
    },
    { devicebusinessNM: 'GH_Top_Curtain', group: '4', Type: 'Channel' },
    { devicebusinessNM: 'GH_Fan', group: '5', Type: 'Channel' },
    {
      devicebusinessNM: 'GH_Air_Circulation',
      group: '5',
      Type: 'Channel'
    },
    { devicebusinessNM: 'GH_Fog', group: '5', Type: 'Channel' },
    { devicebusinessNM: 'GH_Irrg_Pump', group: '5', Type: 'Channel' },
    {
      devicebusinessNM: 'GH_Irrig_Valve1',
      group: '6',
      Type: 'Channel'
    },
    {
      devicebusinessNM: 'GH_Irrig_Valve2',
      group: '6',
      Type: 'Channel'
    }
  ],
  deviceTypes: 'deviceType1',
  defaultGroupInfo: '1'
}
13:06:46:156-This is Log of Criteria for getdashboard 
{
  spCd: 'ASAGRISY',
  custCd: 'Desai',
  subCustCd: 'Desai-001',
  mac: '5ccf7f5a0481_110',
  'sensors.Sensor.GH_Temperature': { '$exists': true }
}
13:06:56:893-this is Log for Hourly
13:08:30:145-this is Log for Daily
13:09:57:449-this is Log for Weekly
13:10:05:118-this is Log for Monthly
17:17:24:916-This Is key of identifire 1 Place
[
  '_id',
  'DeviceName',
  'mac',
  'assetId',
  'subCustCd',
  'roles',
  'deviceTemplate',
  'active',
  'sensors',
  'channel',
  'defaultGroupInfo',
  'deviceTypes'
]
17:17:25:030-This is key left in result
[ 'sensors', 'channel', 'deviceTypes' ]
17:17:25:046-This is json which i want send to front end
{
  sensors: [
    { devicebusinessNM: 'GH_Temperature', group: '1', Type: 'Sensor' },
    {
      devicebusinessNM: 'GH_Relative_Humidity',
      group: '1',
      Type: 'Sensor'
    },
    { devicebusinessNM: 'GH_CO2', group: '2', Type: 'Sensor' },
    { devicebusinessNM: 'GH_Luminescence', group: '2', Type: 'Sensor' },
    { devicebusinessNM: 'TDS', group: '2', Type: 'Sensor' },
    {
      devicebusinessNM: 'GH_Soil_Temperature',
      group: '2',
      Type: 'Sensor'
    },
    { devicebusinessNM: 'GH_Wind_Speed', group: '3', Type: 'Sensor' },
    { devicebusinessNM: 'GH_Rain_Sensor', group: '3', Type: 'Sensor' },
    {
      devicebusinessNM: 'External_Temperature',
      group: '3',
      Type: 'Sensor'
    },
    {
      devicebusinessNM: 'External_Humidity',
      group: '3',
      Type: 'Sensor'
    }
  ],
  channel: [
    { devicebusinessNM: 'GH_CO2V', group: '4', Type: 'Channel' },
    {
      devicebusinessNM: 'GH_Left_Curtain',
      group: '4',
      Type: 'Channel'
    },
    {
      devicebusinessNM: 'GH_Right_Curtain',
      group: '4',
      Type: 'Channel'
    },
    { devicebusinessNM: 'GH_Top_Curtain', group: '4', Type: 'Channel' },
    { devicebusinessNM: 'GH_Fan', group: '5', Type: 'Channel' },
    {
      devicebusinessNM: 'GH_Air_Circulation',
      group: '5',
      Type: 'Channel'
    },
    { devicebusinessNM: 'GH_Fog', group: '5', Type: 'Channel' },
    { devicebusinessNM: 'GH_Irrg_Pump', group: '5', Type: 'Channel' },
    {
      devicebusinessNM: 'GH_Irrig_Valve1',
      group: '6',
      Type: 'Channel'
    },
    {
      devicebusinessNM: 'GH_Irrig_Valve2',
      group: '6',
      Type: 'Channel'
    }
  ],
  deviceTypes: 'deviceType1',
  defaultGroupInfo: '1'
}
17:17:26:057-This is Log of Criteria for getdashboard 
{
  spCd: 'ASAGRISY',
  custCd: 'Desai',
  subCustCd: 'Desai-001',
  mac: '5ccf7f5a0481_110',
  'sensors.Sensor.GH_Temperature': { '$exists': true }
}
17:20:31:924-This Is key of identifire 1 Place
[
  '_id',
  'DeviceName',
  'mac',
  'assetId',
  'subCustCd',
  'roles',
  'deviceTemplate',
  'active',
  'sensors',
  'channel',
  'defaultGroupInfo',
  'deviceTypes'
]
17:20:32:083-This is key left in result
[ 'sensors', 'channel', 'deviceTypes' ]
17:20:32:143-This is json which i want send to front end
{
  sensors: [
    { devicebusinessNM: 'GH_Temperature', group: '1', Type: 'Sensor' },
    {
      devicebusinessNM: 'GH_Relative_Humidity',
      group: '1',
      Type: 'Sensor'
    },
    { devicebusinessNM: 'GH_CO2', group: '2', Type: 'Sensor' },
    { devicebusinessNM: 'GH_Luminescence', group: '2', Type: 'Sensor' },
    { devicebusinessNM: 'TDS', group: '2', Type: 'Sensor' },
    {
      devicebusinessNM: 'GH_Soil_Temperature',
      group: '2',
      Type: 'Sensor'
    },
    { devicebusinessNM: 'GH_Wind_Speed', group: '3', Type: 'Sensor' },
    { devicebusinessNM: 'GH_Rain_Sensor', group: '3', Type: 'Sensor' },
    {
      devicebusinessNM: 'External_Temperature',
      group: '3',
      Type: 'Sensor'
    },
    {
      devicebusinessNM: 'External_Humidity',
      group: '3',
      Type: 'Sensor'
    }
  ],
  channel: [
    { devicebusinessNM: 'GH_CO2V', group: '4', Type: 'Channel' },
    {
      devicebusinessNM: 'GH_Left_Curtain',
      group: '4',
      Type: 'Channel'
    },
    {
      devicebusinessNM: 'GH_Right_Curtain',
      group: '4',
      Type: 'Channel'
    },
    { devicebusinessNM: 'GH_Top_Curtain', group: '4', Type: 'Channel' },
    { devicebusinessNM: 'GH_Fan', group: '5', Type: 'Channel' },
    {
      devicebusinessNM: 'GH_Air_Circulation',
      group: '5',
      Type: 'Channel'
    },
    { devicebusinessNM: 'GH_Fog', group: '5', Type: 'Channel' },
    { devicebusinessNM: 'GH_Irrg_Pump', group: '5', Type: 'Channel' },
    {
      devicebusinessNM: 'GH_Irrig_Valve1',
      group: '6',
      Type: 'Channel'
    },
    {
      devicebusinessNM: 'GH_Irrig_Valve2',
      group: '6',
      Type: 'Channel'
    }
  ],
  deviceTypes: 'deviceType1',
  defaultGroupInfo: '1'
}
17:20:33:344-This is Log of Criteria for getdashboard 
{
  spCd: 'ASAGRISY',
  custCd: 'Desai',
  subCustCd: 'Desai-001',
  mac: '5ccf7f5a0481_110',
  'sensors.Sensor.GH_Temperature': { '$exists': true }
}
17:21:12:918-This Is key of identifire 1 Place
[
  '_id',
  'DeviceName',
  'mac',
  'assetId',
  'subCustCd',
  'roles',
  'deviceTemplate',
  'active',
  'sensors',
  'channel',
  'defaultGroupInfo',
  'deviceTypes'
]
17:21:13:017-This is key left in result
[ 'sensors', 'channel', 'deviceTypes' ]
17:21:13:021-This is json which i want send to front end
{
  sensors: [
    { devicebusinessNM: 'GH_Temperature', group: '1', Type: 'Sensor' },
    {
      devicebusinessNM: 'GH_Relative_Humidity',
      group: '1',
      Type: 'Sensor'
    },
    { devicebusinessNM: 'GH_CO2', group: '2', Type: 'Sensor' },
    { devicebusinessNM: 'GH_Luminescence', group: '2', Type: 'Sensor' },
    { devicebusinessNM: 'TDS', group: '2', Type: 'Sensor' },
    {
      devicebusinessNM: 'GH_Soil_Temperature',
      group: '2',
      Type: 'Sensor'
    },
    { devicebusinessNM: 'GH_Wind_Speed', group: '3', Type: 'Sensor' },
    { devicebusinessNM: 'GH_Rain_Sensor', group: '3', Type: 'Sensor' },
    {
      devicebusinessNM: 'External_Temperature',
      group: '3',
      Type: 'Sensor'
    },
    {
      devicebusinessNM: 'External_Humidity',
      group: '3',
      Type: 'Sensor'
    }
  ],
  channel: [
    { devicebusinessNM: 'GH_CO2V', group: '4', Type: 'Channel' },
    {
      devicebusinessNM: 'GH_Left_Curtain',
      group: '4',
      Type: 'Channel'
    },
    {
      devicebusinessNM: 'GH_Right_Curtain',
      group: '4',
      Type: 'Channel'
    },
    { devicebusinessNM: 'GH_Top_Curtain', group: '4', Type: 'Channel' },
    { devicebusinessNM: 'GH_Fan', group: '5', Type: 'Channel' },
    {
      devicebusinessNM: 'GH_Air_Circulation',
      group: '5',
      Type: 'Channel'
    },
    { devicebusinessNM: 'GH_Fog', group: '5', Type: 'Channel' },
    { devicebusinessNM: 'GH_Irrg_Pump', group: '5', Type: 'Channel' },
    {
      devicebusinessNM: 'GH_Irrig_Valve1',
      group: '6',
      Type: 'Channel'
    },
    {
      devicebusinessNM: 'GH_Irrig_Valve2',
      group: '6',
      Type: 'Channel'
    }
  ],
  deviceTypes: 'deviceType1',
  defaultGroupInfo: '1'
}
17:21:14:342-This is Log of Criteria for getdashboard 
{
  spCd: 'ASAGRISY',
  custCd: 'Desai',
  subCustCd: 'Desai-001',
  mac: '5ccf7f5a0481_110',
  'sensors.Sensor.GH_Temperature': { '$exists': true }
}
