17:10:10:204-This is result1[0].deviceType [undefined]
17:10:10:213-This is Config Data
{
  DeviceName: 'GHA_01T',
  mac: '5ccf7f5a0481_110',
  assetId: 'DESAIGH1',
  custCd: 'Desai',
  spCd: 'ASAGRISY',
  subCustCd: 'Desai-001'
}
17:10:10:383-This is clientID 
[
  {
    _id: 5ccbdaf4fb6fc00ed5a0033c,
    clientID: 'Desai-001',
    viewDashBoard: { deviceTypes: [Object] },
    activeDashBoard: { deviceTypes: [Object], OperatingForms: [Array] }
  }
]
17:10:10:385-This is ClientObj
{
  _id: 5ccbdaf4fb6fc00ed5a0033c,
  clientID: 'Desai-001',
  viewDashBoard: { deviceTypes: { deviceType1: [Array] } },
  activeDashBoard: {
    deviceTypes: { deviceType1: [Object] },
    OperatingForms: [ [Object], [Object], [Object] ]
  }
}
18:11:22:232-This is result1[0].deviceType [undefined]
18:11:22:238-This is Config Data
{
  DeviceName: 'GHA_01T',
  mac: '5ccf7f5a0481_110',
  assetId: 'DESAIGH1',
  custCd: 'Desai',
  spCd: 'ASAGRISY',
  subCustCd: 'Desai-001'
}
18:11:22:417-This is clientID 
[
  {
    _id: 5ccbdaf4fb6fc00ed5a0033c,
    clientID: 'Desai-001',
    viewDashBoard: { deviceTypes: [Object] },
    activeDashBoard: { deviceTypes: [Object], OperatingForms: [Array] }
  }
]
18:11:22:419-This is ClientObj
{
  _id: 5ccbdaf4fb6fc00ed5a0033c,
  clientID: 'Desai-001',
  viewDashBoard: { deviceTypes: { deviceType1: [Array] } },
  activeDashBoard: {
    deviceTypes: { deviceType1: [Object] },
    OperatingForms: [ [Object], [Object], [Object] ]
  }
}
