11:25:29:603-This is result1[0].deviceType [undefined]
11:25:29:607-This is Config Data
{
  DeviceName: 'GHA_01T',
  mac: '5ccf7f5a0481_110',
  assetId: 'DESAIGH1',
  custCd: 'Desai',
  spCd: 'ASAGRISY',
  subCustCd: 'Desai-001'
}
11:25:29:789-This is clientID 
[
  {
    _id: 5ccbdaf4fb6fc00ed5a0033c,
    clientID: 'Desai-001',
    viewDashBoard: { deviceTypes: [Object] },
    activeDashBoard: { deviceTypes: [Object], OperatingForms: [Array] }
  }
]
11:25:29:791-This is ClientObj
{
  _id: 5ccbdaf4fb6fc00ed5a0033c,
  clientID: 'Desai-001',
  viewDashBoard: { deviceTypes: { deviceType1: [Array] } },
  activeDashBoard: {
    deviceTypes: { deviceType1: [Object] },
    OperatingForms: [ [Object], [Object], [Object] ]
  }
}
06:24:27:753-This is result1[0].deviceType [undefined]
06:24:27:758-This is Config Data
{
  DeviceName: 'GHA_01T',
  mac: '5ccf7f5a0481_110',
  assetId: 'DESAIGH1',
  custCd: 'Desai',
  spCd: 'ASAGRISY',
  subCustCd: 'Desai-001'
}
06:24:27:937-This is clientID 
[
  {
    _id: 5ccbdaf4fb6fc00ed5a0033c,
    clientID: 'Desai-001',
    viewDashBoard: { deviceTypes: [Object] },
    activeDashBoard: { deviceTypes: [Object], OperatingForms: [Array] }
  }
]
06:24:27:940-This is ClientObj
{
  _id: 5ccbdaf4fb6fc00ed5a0033c,
  clientID: 'Desai-001',
  viewDashBoard: { deviceTypes: { deviceType1: [Array] } },
  activeDashBoard: {
    deviceTypes: { deviceType1: [Object] },
    OperatingForms: [ [Object], [Object], [Object] ]
  }
}
